P5-aA-1Haa-I,P6-aA-1Haa-I,-9.16614
P5-aA-1Haa-I,P6-aA-1Haa-L,-9.14312
P5-aA-1Haa-I,P6-aA-1Haa-V,-8.77542
P5-aA-1Haa-I,P6-aA-1Haa-N,-8.60446
P5-aA-1Haa-I,P6-aA-1Haa-S,-9.07239
P5-aA-1Haa-I,P6-aA-1Haa-T,-8.80795
P5-aA-1Haa-I,P6-aA-1Haa-R,-9.10589
P5-aA-1Haa-I,P6-aA-1Haa-D,-8.95672
P5-aA-1Haa-I,P6-aA-1Haa-E,-9.20133
P5-aA-1Haa-I,P6-aA-1Haa-K,-9.14609
P5-aA-1Haa-I,P6-aA-1Haa-H,-8.88486
P5-aA-1Haa-I,P6-aA-1Haa-Y,-9.37631
P5-aA-1Haa-L,P6-aA-1Haa-I,-9.06871
P5-aA-1Haa-L,P6-aA-1Haa-L,-8.743
P5-aA-1Haa-L,P6-aA-1Haa-V,-8.60209
P5-aA-1Haa-L,P6-aA-1Haa-N,-8.19445
P5-aA-1Haa-L,P6-aA-1Haa-S,-8.70614
P5-aA-1Haa-L,P6-aA-1Haa-T,-8.6326
P5-aA-1Haa-L,P6-aA-1Haa-R,-8.90594
P5-aA-1Haa-L,P6-aA-1Haa-D,-8.54269
P5-aA-1Haa-L,P6-aA-1Haa-E,-8.83119
P5-aA-1Haa-L,P6-aA-1Haa-K,-8.42568
P5-aA-1Haa-L,P6-aA-1Haa-H,-8.48861
P5-aA-1Haa-L,P6-aA-1Haa-Y,-8.94372
P5-aA-1Haa-V,P6-aA-1Haa-I,-8.87079
P5-aA-1Haa-V,P6-aA-1Haa-L,-8.77187
P5-aA-1Haa-V,P6-aA-1Haa-V,-8.44697
P5-aA-1Haa-V,P6-aA-1Haa-N,-8.09546
P5-aA-1Haa-V,P6-aA-1Haa-S,-8.89733
P5-aA-1Haa-V,P6-aA-1Haa-T,-8.51729
P5-aA-1Haa-V,P6-aA-1Haa-R,-8.83576
P5-aA-1Haa-V,P6-aA-1Haa-D,-8.53158
P5-aA-1Haa-V,P6-aA-1Haa-E,-8.76429
P5-aA-1Haa-V,P6-aA-1Haa-K,-8.84786
P5-aA-1Haa-V,P6-aA-1Haa-H,-8.42111
P5-aA-1Haa-V,P6-aA-1Haa-Y,-8.83375
P5-aA-1Haa-N,P6-aA-1Haa-I,-8.42065
P5-aA-1Haa-N,P6-aA-1Haa-L,-8.08505
P5-aA-1Haa-N,P6-aA-1Haa-V,-7.81628
P5-aA-1Haa-N,P6-aA-1Haa-N,-8.91144
P5-aA-1Haa-N,P6-aA-1Haa-S,-8.78297
P5-aA-1Haa-N,P6-aA-1Haa-T,-8.36265
P5-aA-1Haa-N,P6-aA-1Haa-R,-8.72443
P5-aA-1Haa-N,P6-aA-1Haa-D,-8.42148
P5-aA-1Haa-N,P6-aA-1Haa-E,-8.61022
P5-aA-1Haa-N,P6-aA-1Haa-K,-8.56727
P5-aA-1Haa-N,P6-aA-1Haa-H,-8.33671
P5-aA-1Haa-N,P6-aA-1Haa-Y,-8.91525
P5-aA-1Haa-S,P6-aA-1Haa-I,-8.7183
P5-aA-1Haa-S,P6-aA-1Haa-L,-8.42646
P5-aA-1Haa-S,P6-aA-1Haa-V,-8.44787
P5-aA-1Haa-S,P6-aA-1Haa-N,-8.61269
P5-aA-1Haa-S,P6-aA-1Haa-S,-8.27121
P5-aA-1Haa-S,P6-aA-1Haa-T,-8.23702
P5-aA-1Haa-S,P6-aA-1Haa-R,-8.57711
P5-aA-1Haa-S,P6-aA-1Haa-D,-8.35826
P5-aA-1Haa-S,P6-aA-1Haa-E,-8.55808
P5-aA-1Haa-S,P6-aA-1Haa-K,-8.38028
P5-aA-1Haa-S,P6-aA-1Haa-H,-8.28126
P5-aA-1Haa-S,P6-aA-1Haa-Y,-8.92905
P5-aA-1Haa-T,P6-aA-1Haa-I,-8.51793
P5-aA-1Haa-T,P6-aA-1Haa-L,-8.41699
P5-aA-1Haa-T,P6-aA-1Haa-V,-8.1319
P5-aA-1Haa-T,P6-aA-1Haa-N,-8.25644
P5-aA-1Haa-T,P6-aA-1Haa-S,-8.30109
P5-aA-1Haa-T,P6-aA-1Haa-T,-8.07305
P5-aA-1Haa-T,P6-aA-1Haa-R,-8.44892
P5-aA-1Haa-T,P6-aA-1Haa-D,-8.25106
P5-aA-1Haa-T,P6-aA-1Haa-E,-8.48473
P5-aA-1Haa-T,P6-aA-1Haa-K,-8.34884
P5-aA-1Haa-T,P6-aA-1Haa-H,-8.16551
P5-aA-1Haa-T,P6-aA-1Haa-Y,-8.65472
P5-aA-1Haa-R,P6-aA-1Haa-I,-8.83928
P5-aA-1Haa-R,P6-aA-1Haa-L,-8.71374
P5-aA-1Haa-R,P6-aA-1Haa-V,-8.47378
P5-aA-1Haa-R,P6-aA-1Haa-N,-8.64163
P5-aA-1Haa-R,P6-aA-1Haa-S,-8.66459
P5-aA-1Haa-R,P6-aA-1Haa-T,-8.47233
P5-aA-1Haa-R,P6-aA-1Haa-R,-8.51708
P5-aA-1Haa-R,P6-aA-1Haa-D,-8.47812
P5-aA-1Haa-R,P6-aA-1Haa-E,-8.66011
P5-aA-1Haa-R,P6-aA-1Haa-K,-8.53712
P5-aA-1Haa-R,P6-aA-1Haa-H,-8.36325
P5-aA-1Haa-R,P6-aA-1Haa-Y,-8.92097
P5-aA-1Haa-D,P6-aA-1Haa-I,-8.77639
P5-aA-1Haa-D,P6-aA-1Haa-L,-8.43677
P5-aA-1Haa-D,P6-aA-1Haa-V,-8.25588
P5-aA-1Haa-D,P6-aA-1Haa-N,-8.42496
P5-aA-1Haa-D,P6-aA-1Haa-S,-8.53202
P5-aA-1Haa-D,P6-aA-1Haa-T,-8.36075
P5-aA-1Haa-D,P6-aA-1Haa-R,-8.5644
P5-aA-1Haa-D,P6-aA-1Haa-D,-8.41513
P5-aA-1Haa-D,P6-aA-1Haa-E,-8.60899
P5-aA-1Haa-D,P6-aA-1Haa-K,-8.43393
P5-aA-1Haa-D,P6-aA-1Haa-H,-8.28451
P5-aA-1Haa-D,P6-aA-1Haa-Y,-8.79122
P5-aA-1Haa-E,P6-aA-1Haa-I,-8.90621
P5-aA-1Haa-E,P6-aA-1Haa-L,-8.61048
P5-aA-1Haa-E,P6-aA-1Haa-V,-8.3738
P5-aA-1Haa-E,P6-aA-1Haa-N,-8.49891
P5-aA-1Haa-E,P6-aA-1Haa-S,-8.61705
P5-aA-1Haa-E,P6-aA-1Haa-T,-8.47963
P5-aA-1Haa-E,P6-aA-1Haa-R,-8.6316
P5-aA-1Haa-E,P6-aA-1Haa-D,-8.4942
P5-aA-1Haa-E,P6-aA-1Haa-E,-8.55591
P5-aA-1Haa-E,P6-aA-1Haa-K,-8.46331
P5-aA-1Haa-E,P6-aA-1Haa-H,-8.30833
P5-aA-1Haa-E,P6-aA-1Haa-Y,-8.90282
P5-aA-1Haa-K,P6-aA-1Haa-I,-9.05221
P5-aA-1Haa-K,P6-aA-1Haa-L,-8.40621
P5-aA-1Haa-K,P6-aA-1Haa-V,-8.65861
P5-aA-1Haa-K,P6-aA-1Haa-N,-8.6572
P5-aA-1Haa-K,P6-aA-1Haa-S,-8.64049
P5-aA-1Haa-K,P6-aA-1Haa-T,-8.54498
P5-aA-1Haa-K,P6-aA-1Haa-R,-8.70985
P5-aA-1Haa-K,P6-aA-1Haa-D,-8.52038
P5-aA-1Haa-K,P6-aA-1Haa-E,-8.66455
P5-aA-1Haa-K,P6-aA-1Haa-K,-8.52895
P5-aA-1Haa-K,P6-aA-1Haa-H,-8.40427
P5-aA-1Haa-K,P6-aA-1Haa-Y,-8.92103
P5-aA-1Haa-H,P6-aA-1Haa-I,-8.77558
P5-aA-1Haa-H,P6-aA-1Haa-L,-8.45374
P5-aA-1Haa-H,P6-aA-1Haa-V,-8.21646
P5-aA-1Haa-H,P6-aA-1Haa-N,-8.41124
P5-aA-1Haa-H,P6-aA-1Haa-S,-8.52607
P5-aA-1Haa-H,P6-aA-1Haa-T,-8.34625
P5-aA-1Haa-H,P6-aA-1Haa-R,-8.52058
P5-aA-1Haa-H,P6-aA-1Haa-D,-8.35556
P5-aA-1Haa-H,P6-aA-1Haa-E,-8.49417
P5-aA-1Haa-H,P6-aA-1Haa-K,-8.38887
P5-aA-1Haa-H,P6-aA-1Haa-H,-8.33669
P5-aA-1Haa-H,P6-aA-1Haa-Y,-8.8242
P5-aA-1Haa-Y,P6-aA-1Haa-I,-8.74558
P5-aA-1Haa-Y,P6-aA-1Haa-L,-8.3874
P5-aA-1Haa-Y,P6-aA-1Haa-V,-8.10765
P5-aA-1Haa-Y,P6-aA-1Haa-N,-8.46833
P5-aA-1Haa-Y,P6-aA-1Haa-S,-8.65241
P5-aA-1Haa-Y,P6-aA-1Haa-T,-8.31401
P5-aA-1Haa-Y,P6-aA-1Haa-R,-8.55685
P5-aA-1Haa-Y,P6-aA-1Haa-D,-8.34082
P5-aA-1Haa-Y,P6-aA-1Haa-E,-8.56721
P5-aA-1Haa-Y,P6-aA-1Haa-K,-8.38418
P5-aA-1Haa-Y,P6-aA-1Haa-H,-8.30275
P5-aA-1Haa-Y,P6-aA-1Haa-Y,-8.69169
P5-aA-1Haa-A,P6-aA-1Haa-I,-8.98449
P5-aA-1Haa-A,P6-aA-1Haa-L,-8.45286
P5-aA-1Haa-A,P6-aA-1Haa-V,-8.37461
P5-aA-1Haa-A,P6-aA-1Haa-N,-8.41892
P5-aA-1Haa-A,P6-aA-1Haa-S,-8.69532
P5-aA-1Haa-A,P6-aA-1Haa-T,-8.34905
P5-aA-1Haa-A,P6-aA-1Haa-R,-8.51303
P5-aA-1Haa-A,P6-aA-1Haa-D,-8.32283
P5-aA-1Haa-A,P6-aA-1Haa-E,-8.5417
P5-aA-1Haa-A,P6-aA-1Haa-K,-8.39362
P5-aA-1Haa-A,P6-aA-1Haa-H,-8.19624
P5-aA-1Haa-A,P6-aA-1Haa-Y,-8.78033
P5-aA-12Haa-I,P6-aA-12Haa-I,-9.33161
P5-aA-12Haa-I,P6-aA-12Haa-L,-9.47063
P5-aA-12Haa-I,P6-aA-12Haa-V,-8.77491
P5-aA-12Haa-I,P6-aA-12Haa-N,-8.35713
P5-aA-12Haa-I,P6-aA-12Haa-S,-9.17656
P5-aA-12Haa-I,P6-aA-12Haa-T,-8.69415
P5-aA-12Haa-I,P6-aA-12Haa-R,-9.24598
P5-aA-12Haa-I,P6-aA-12Haa-D,-8.99322
P5-aA-12Haa-I,P6-aA-12Haa-E,-9.4777
P5-aA-12Haa-I,P6-aA-12Haa-K,-9.27177
P5-aA-12Haa-I,P6-aA-12Haa-H,-8.82904
P5-aA-12Haa-I,P6-aA-12Haa-Y,-9.75484
P5-aA-12Haa-L,P6-aA-12Haa-I,-8.95165
P5-aA-12Haa-L,P6-aA-12Haa-L,-8.48529
P5-aA-12Haa-L,P6-aA-12Haa-V,-8.24315
P5-aA-12Haa-L,P6-aA-12Haa-N,-7.35201
P5-aA-12Haa-L,P6-aA-12Haa-S,-8.25896
P5-aA-12Haa-L,P6-aA-12Haa-T,-8.15835
P5-aA-12Haa-L,P6-aA-12Haa-R,-8.66098
P5-aA-12Haa-L,P6-aA-12Haa-D,-7.98006
P5-aA-12Haa-L,P6-aA-12Haa-E,-8.55232
P5-aA-12Haa-L,P6-aA-12Haa-K,-7.64585
P5-aA-12Haa-L,P6-aA-12Haa-H,-7.85144
P5-aA-12Haa-L,P6-aA-12Haa-Y,-8.70456
P5-aA-12Haa-V,P6-aA-12Haa-I,-8.62115
P5-aA-12Haa-V,P6-aA-12Haa-L,-8.60837
P5-aA-12Haa-V,P6-aA-12Haa-V,-7.99825
P5-aA-12Haa-V,P6-aA-12Haa-N,-7.21937
P5-aA-12Haa-V,P6-aA-12Haa-S,-8.70668
P5-aA-12Haa-V,P6-aA-12Haa-T,-7.99307
P5-aA-12Haa-V,P6-aA-12Haa-R,-8.58596
P5-aA-12Haa-V,P6-aA-12Haa-D,-8.02318
P5-aA-12Haa-V,P6-aA-12Haa-E,-8.48386
P5-aA-12Haa-V,P6-aA-12Haa-K,-8.55555
P5-aA-12Haa-V,P6-aA-12Haa-H,-7.78178
P5-aA-12Haa-V,P6-aA-12Haa-Y,-8.54996
P5-aA-12Haa-N,P6-aA-12Haa-I,-7.78098
P5-aA-12Haa-N,P6-aA-12Haa-L,-7.29484
P5-aA-12Haa-N,P6-aA-12Haa-V,-6.79698
P5-aA-12Haa-N,P6-aA-12Haa-N,-8.91144
P5-aA-12Haa-N,P6-aA-12Haa-S,-8.53807
P5-aA-12Haa-N,P6-aA-12Haa-T,-7.7439
P5-aA-12Haa-N,P6-aA-12Haa-R,-8.42341
P5-aA-12Haa-N,P6-aA-12Haa-D,-7.86309
P5-aA-12Haa-N,P6-aA-12Haa-E,-8.23583
P5-aA-12Haa-N,P6-aA-12Haa-K,-8.05448
P5-aA-12Haa-N,P6-aA-12Haa-H,-7.67309
P5-aA-12Haa-N,P6-aA-12Haa-Y,-8.77307
P5-aA-12Haa-S,P6-aA-12Haa-I,-8.47368
P5-aA-12Haa-S,P6-aA-12Haa-L,-8.07506
P5-aA-12Haa-S,P6-aA-12Haa-V,-8.15756
P5-aA-12Haa-S,P6-aA-12Haa-N,-8.41134
P5-aA-12Haa-S,P6-aA-12Haa-S,-7.61195
P5-aA-12Haa-S,P6-aA-12Haa-T,-7.59004
P5-aA-12Haa-S,P6-aA-12Haa-R,-8.22617
P5-aA-12Haa-S,P6-aA-12Haa-D,-7.83405
P5-aA-12Haa-S,P6-aA-12Haa-E,-8.22895
P5-aA-12Haa-S,P6-aA-12Haa-K,-7.7779
P5-aA-12Haa-S,P6-aA-12Haa-H,-7.65959
P5-aA-12Haa-S,P6-aA-12Haa-Y,-8.89807
P5-aA-12Haa-T,P6-aA-12Haa-I,-8.02183
P5-aA-12Haa-T,P6-aA-12Haa-L,-8.00501
P5-aA-12Haa-T,P6-aA-12Haa-V,-7.47451
P5-aA-12Haa-T,P6-aA-12Haa-N,-7.64773
P5-aA-12Haa-T,P6-aA-12Haa-S,-7.6206
P5-aA-12Haa-T,P6-aA-12Haa-T,-7.21099
P5-aA-12Haa-T,P6-aA-12Haa-R,-7.91868
P5-aA-12Haa-T,P6-aA-12Haa-D,-7.56854
P5-aA-12Haa-T,P6-aA-12Haa-E,-8.03114
P5-aA-12Haa-T,P6-aA-12Haa-K,-7.66391
P5-aA-12Haa-T,P6-aA-12Haa-H,-7.37698
P5-aA-12Haa-T,P6-aA-12Haa-Y,-8.2983
P5-aA-12Haa-R,P6-aA-12Haa-I,-8.7722
P5-aA-12Haa-R,P6-aA-12Haa-L,-8.70618
P5-aA-12Haa-R,P6-aA-12Haa-V,-8.26594
P5-aA-12Haa-R,P6-aA-12Haa-N,-8.52578
P5-aA-12Haa-R,P6-aA-12Haa-S,-8.45527
P5-aA-12Haa-R,P6-aA-12Haa-T,-8.11722
P5-aA-12Haa-R,P6-aA-12Haa-R,-8.16267
P5-aA-12Haa-R,P6-aA-12Haa-D,-8.13033
P5-aA-12Haa-R,P6-aA-12Haa-E,-8.48957
P5-aA-12Haa-R,P6-aA-12Haa-K,-8.14814
P5-aA-12Haa-R,P6-aA-12Haa-H,-7.88013
P5-aA-12Haa-R,P6-aA-12Haa-Y,-8.93847
P5-aA-12Haa-D,P6-aA-12Haa-I,-8.54434
P5-aA-12Haa-D,P6-aA-12Haa-L,-8.05016
P5-aA-12Haa-D,P6-aA-12Haa-V,-7.72806
P5-aA-12Haa-D,P6-aA-12Haa-N,-7.99036
P5-aA-12Haa-D,P6-aA-12Haa-S,-8.08805
P5-aA-12Haa-D,P6-aA-12Haa-T,-7.79198
P5-aA-12Haa-D,P6-aA-12Haa-R,-8.15523
P5-aA-12Haa-D,P6-aA-12Haa-D,-7.90227
P5-aA-12Haa-D,P6-aA-12Haa-E,-8.28525
P5-aA-12Haa-D,P6-aA-12Haa-K,-7.83968
P5-aA-12Haa-D,P6-aA-12Haa-H,-7.62057
P5-aA-12Haa-D,P6-aA-12Haa-Y,-8.57689
P5-aA-12Haa-E,P6-aA-12Haa-I,-8.79028
P5-aA-12Haa-E,P6-aA-12Haa-L,-8.38388
P5-aA-12Haa-E,P6-aA-12Haa-V,-7.9502
P5-aA-12Haa-E,P6-aA-12Haa-N,-8.12456
P5-aA-12Haa-E,P6-aA-12Haa-S,-8.24441
P5-aA-12Haa-E,P6-aA-12Haa-T,-8.01604
P5-aA-12Haa-E,P6-aA-12Haa-R,-8.27593
P5-aA-12Haa-E,P6-aA-12Haa-D,-8.04671
P5-aA-12Haa-E,P6-aA-12Haa-E,-8.16539
P5-aA-12Haa-E,P6-aA-12Haa-K,-7.88474
P5-aA-12Haa-E,P6-aA-12Haa-H,-7.65451
P5-aA-12Haa-E,P6-aA-12Haa-Y,-8.78639
P5-aA-12Haa-K,P6-aA-12Haa-I,-9.16761
P5-aA-12Haa-K,P6-aA-12Haa-L,-8.06067
P5-aA-12Haa-K,P6-aA-12Haa-V,-8.60515
P5-aA-12Haa-K,P6-aA-12Haa-N,-8.52647
P5-aA-12Haa-K,P6-aA-12Haa-S,-8.37662
P5-aA-12Haa-K,P6-aA-12Haa-T,-8.23207
P5-aA-12Haa-K,P6-aA-12Haa-R,-8.51776
P5-aA-12Haa-K,P6-aA-12Haa-D,-8.1844
P5-aA-12Haa-K,P6-aA-12Haa-E,-8.468
P5-aA-12Haa-K,P6-aA-12Haa-K,-8.10135
P5-aA-12Haa-K,P6-aA-12Haa-H,-7.93172
P5-aA-12Haa-K,P6-aA-12Haa-Y,-8.90814
P5-aA-12Haa-H,P6-aA-12Haa-I,-8.53642
P5-aA-12Haa-H,P6-aA-12Haa-L,-8.0778
P5-aA-12Haa-H,P6-aA-12Haa-V,-7.64292
P5-aA-12Haa-H,P6-aA-12Haa-N,-7.95662
P5-aA-12Haa-H,P6-aA-12Haa-S,-8.06985
P5-aA-12Haa-H,P6-aA-12Haa-T,-7.75668
P5-aA-12Haa-H,P6-aA-12Haa-R,-8.06129
P5-aA-12Haa-H,P6-aA-12Haa-D,-7.77683
P5-aA-12Haa-H,P6-aA-12Haa-E,-8.04931
P5-aA-12Haa-H,P6-aA-12Haa-K,-7.74326
P5-aA-12Haa-H,P6-aA-12Haa-H,-7.71863
P5-aA-12Haa-H,P6-aA-12Haa-Y,-8.63655
P5-aA-12Haa-Y,P6-aA-12Haa-I,-8.44675
P5-aA-12Haa-Y,P6-aA-12Haa-L,-7.91545
P5-aA-12Haa-Y,P6-aA-12Haa-V,-7.39563
P5-aA-12Haa-Y,P6-aA-12Haa-N,-8.04113
P5-aA-12Haa-Y,P6-aA-12Haa-S,-8.29286
P5-aA-12Haa-Y,P6-aA-12Haa-T,-7.66253
P5-aA-12Haa-Y,P6-aA-12Haa-R,-8.10416
P5-aA-12Haa-Y,P6-aA-12Haa-D,-7.71768
P5-aA-12Haa-Y,P6-aA-12Haa-E,-8.16572
P5-aA-12Haa-Y,P6-aA-12Haa-K,-7.70421
P5-aA-12Haa-Y,P6-aA-12Haa-H,-7.62108
P5-aA-12Haa-Y,P6-aA-12Haa-Y,-8.34186
P5-aA-12Haa-A,P6-aA-12Haa-I,-9.07648
P5-aA-12Haa-A,P6-aA-12Haa-L,-8.19828
P5-aA-12Haa-A,P6-aA-12Haa-V,-8.08146
P5-aA-12Haa-A,P6-aA-12Haa-N,-8.09422
P5-aA-12Haa-A,P6-aA-12Haa-S,-8.53059
P5-aA-12Haa-A,P6-aA-12Haa-T,-7.88452
P5-aA-12Haa-A,P6-aA-12Haa-R,-8.16843
P5-aA-12Haa-A,P6-aA-12Haa-D,-7.83361
P5-aA-12Haa-A,P6-aA-12Haa-E,-8.26661
P5-aA-12Haa-A,P6-aA-12Haa-K,-7.875
P5-aA-12Haa-A,P6-aA-12Haa-H,-7.55997
P5-aA-12Haa-A,P6-aA-12Haa-Y,-8.67105
P1-aA-1Haa-I,P2-aA-1Haa-I,-8.14462
P1-aA-1Haa-I,P2-aA-1Haa-L,-7.86209
P1-aA-1Haa-I,P2-aA-1Haa-V,-7.72951
P1-aA-1Haa-I,P2-aA-1Haa-N,-7.33948
P1-aA-1Haa-I,P2-aA-1Haa-S,-7.73453
P1-aA-1Haa-I,P2-aA-1Haa-T,-7.48305
P1-aA-1Haa-I,P2-aA-1Haa-R,-7.91207
P1-aA-1Haa-I,P2-aA-1Haa-D,-7.7471
P1-aA-1Haa-I,P2-aA-1Haa-E,-7.86322
P1-aA-1Haa-I,P2-aA-1Haa-K,-8.09455
P1-aA-1Haa-I,P2-aA-1Haa-H,-7.73999
P1-aA-1Haa-I,P2-aA-1Haa-Y,-7.68032
P1-aA-1Haa-L,P2-aA-1Haa-I,-8.30666
P1-aA-1Haa-L,P2-aA-1Haa-L,-7.72144
P1-aA-1Haa-L,P2-aA-1Haa-V,-7.81565
P1-aA-1Haa-L,P2-aA-1Haa-N,-7.18894
P1-aA-1Haa-L,P2-aA-1Haa-S,-7.62775
P1-aA-1Haa-L,P2-aA-1Haa-T,-7.56717
P1-aA-1Haa-L,P2-aA-1Haa-R,-7.97159
P1-aA-1Haa-L,P2-aA-1Haa-D,-7.59254
P1-aA-1Haa-L,P2-aA-1Haa-E,-7.75255
P1-aA-1Haa-L,P2-aA-1Haa-K,-7.63361
P1-aA-1Haa-L,P2-aA-1Haa-H,-7.60321
P1-aA-1Haa-L,P2-aA-1Haa-Y,-7.5072
P1-aA-1Haa-V,P2-aA-1Haa-I,-7.97864
P1-aA-1Haa-V,P2-aA-1Haa-L,-7.62021
P1-aA-1Haa-V,P2-aA-1Haa-V,-7.53043
P1-aA-1Haa-V,P2-aA-1Haa-N,-6.95985
P1-aA-1Haa-V,P2-aA-1Haa-S,-7.68884
P1-aA-1Haa-V,P2-aA-1Haa-T,-7.32176
P1-aA-1Haa-V,P2-aA-1Haa-R,-7.77131
P1-aA-1Haa-V,P2-aA-1Haa-D,-7.45133
P1-aA-1Haa-V,P2-aA-1Haa-E,-7.55555
P1-aA-1Haa-V,P2-aA-1Haa-K,-7.92569
P1-aA-1Haa-V,P2-aA-1Haa-H,-7.40561
P1-aA-1Haa-V,P2-aA-1Haa-Y,-7.26713
P1-aA-1Haa-N,P2-aA-1Haa-I,-7.73182
P1-aA-1Haa-N,P2-aA-1Haa-L,-7.13671
P1-aA-1Haa-N,P2-aA-1Haa-V,-7.10306
P1-aA-1Haa-N,P2-aA-1Haa-N,-7.97915
P1-aA-1Haa-N,P2-aA-1Haa-S,-7.7778
P1-aA-1Haa-N,P2-aA-1Haa-T,-7.37044
P1-aA-1Haa-N,P2-aA-1Haa-R,-7.8633
P1-aA-1Haa-N,P2-aA-1Haa-D,-7.54455
P1-aA-1Haa-N,P2-aA-1Haa-E,-7.6048
P1-aA-1Haa-N,P2-aA-1Haa-K,-7.84842
P1-aA-1Haa-N,P2-aA-1Haa-H,-7.52453
P1-aA-1Haa-N,P2-aA-1Haa-Y,-7.55195
P1-aA-1Haa-S,P2-aA-1Haa-I,-8.08332
P1-aA-1Haa-S,P2-aA-1Haa-L,-7.53197
P1-aA-1Haa-S,P2-aA-1Haa-V,-7.7885
P1-aA-1Haa-S,P2-aA-1Haa-N,-7.73425
P1-aA-1Haa-S,P2-aA-1Haa-S,-7.31989
P1-aA-1Haa-S,P2-aA-1Haa-T,-7.29866
P1-aA-1Haa-S,P2-aA-1Haa-R,-7.76983
P1-aA-1Haa-S,P2-aA-1Haa-D,-7.53518
P1-aA-1Haa-S,P2-aA-1Haa-E,-7.60651
P1-aA-1Haa-S,P2-aA-1Haa-K,-7.71528
P1-aA-1Haa-S,P2-aA-1Haa-H,-7.52293
P1-aA-1Haa-S,P2-aA-1Haa-Y,-7.6196
P1-aA-1Haa-T,P2-aA-1Haa-I,-7.86535
P1-aA-1Haa-T,P2-aA-1Haa-L,-7.5049
P1-aA-1Haa-T,P2-aA-1Haa-V,-7.45493
P1-aA-1Haa-T,P2-aA-1Haa-N,-7.3604
P1-aA-1Haa-T,P2-aA-1Haa-S,-7.33217
P1-aA-1Haa-T,P2-aA-1Haa-T,-7.11709
P1-aA-1Haa-T,P2-aA-1Haa-R,-7.62404
P1-aA-1Haa-T,P2-aA-1Haa-D,-7.41038
P1-aA-1Haa-T,P2-aA-1Haa-E,-7.51556
P1-aA-1Haa-T,P2-aA-1Haa-K,-7.66624
P1-aA-1Haa-T,P2-aA-1Haa-H,-7.38958
P1-aA-1Haa-T,P2-aA-1Haa-Y,-7.32767
P1-aA-1Haa-R,P2-aA-1Haa-I,-8.11924
P1-aA-1Haa-R,P2-aA-1Haa-L,-7.73419
P1-aA-1Haa-R,P2-aA-1Haa-V,-7.72935
P1-aA-1Haa-R,P2-aA-1Haa-N,-7.67813
P1-aA-1Haa-R,P2-aA-1Haa-S,-7.62821
P1-aA-1Haa-R,P2-aA-1Haa-T,-7.44891
P1-aA-1Haa-R,P2-aA-1Haa-R,-7.62474
P1-aA-1Haa-R,P2-aA-1Haa-D,-7.56998
P1-aA-1Haa-R,P2-aA-1Haa-E,-7.62348
P1-aA-1Haa-R,P2-aA-1Haa-K,-7.78706
P1-aA-1Haa-R,P2-aA-1Haa-H,-7.51986
P1-aA-1Haa-R,P2-aA-1Haa-Y,-7.52646
P1-aA-1Haa-D,P2-aA-1Haa-I,-8.01565
P1-aA-1Haa-D,P2-aA-1Haa-L,-7.41652
P1-aA-1Haa-D,P2-aA-1Haa-V,-7.47075
P1-aA-1Haa-D,P2-aA-1Haa-N,-7.42076
P1-aA-1Haa-D,P2-aA-1Haa-S,-7.45494
P1-aA-1Haa-D,P2-aA-1Haa-T,-7.29663
P1-aA-1Haa-D,P2-aA-1Haa-R,-7.63136
P1-aA-1Haa-D,P2-aA-1Haa-D,-7.46629
P1-aA-1Haa-D,P2-aA-1Haa-E,-7.53166
P1-aA-1Haa-D,P2-aA-1Haa-K,-7.64317
P1-aA-1Haa-D,P2-aA-1Haa-H,-7.40042
P1-aA-1Haa-D,P2-aA-1Haa-Y,-7.35601
P1-aA-1Haa-E,P2-aA-1Haa-I,-8.25552
P1-aA-1Haa-E,P2-aA-1Haa-L,-7.70028
P1-aA-1Haa-E,P2-aA-1Haa-V,-7.69872
P1-aA-1Haa-E,P2-aA-1Haa-N,-7.60476
P1-aA-1Haa-E,P2-aA-1Haa-S,-7.65002
P1-aA-1Haa-E,P2-aA-1Haa-T,-7.52556
P1-aA-1Haa-E,P2-aA-1Haa-R,-7.80861
P1-aA-1Haa-E,P2-aA-1Haa-D,-7.65541
P1-aA-1Haa-E,P2-aA-1Haa-E,-7.58863
P1-aA-1Haa-E,P2-aA-1Haa-K,-7.7826
P1-aA-1Haa-E,P2-aA-1Haa-H,-7.53429
P1-aA-1Haa-E,P2-aA-1Haa-Y,-7.57766
P1-aA-1Haa-K,P2-aA-1Haa-I,-8.10483
P1-aA-1Haa-K,P2-aA-1Haa-L,-7.19932
P1-aA-1Haa-K,P2-aA-1Haa-V,-7.68684
P1-aA-1Haa-K,P2-aA-1Haa-N,-7.46636
P1-aA-1Haa-K,P2-aA-1Haa-S,-7.37677
P1-aA-1Haa-K,P2-aA-1Haa-T,-7.29422
P1-aA-1Haa-K,P2-aA-1Haa-R,-7.59017
P1-aA-1Haa-K,P2-aA-1Haa-D,-7.3849
P1-aA-1Haa-K,P2-aA-1Haa-E,-7.40058
P1-aA-1Haa-K,P2-aA-1Haa-K,-7.55155
P1-aA-1Haa-K,P2-aA-1Haa-H,-7.33354
P1-aA-1Haa-K,P2-aA-1Haa-Y,-7.29918
P1-aA-1Haa-H,P2-aA-1Haa-I,-7.92333
P1-aA-1Haa-H,P2-aA-1Haa-L,-7.34198
P1-aA-1Haa-H,P2-aA-1Haa-V,-7.33982
P1-aA-1Haa-H,P2-aA-1Haa-N,-7.31553
P1-aA-1Haa-H,P2-aA-1Haa-S,-7.35748
P1-aA-1Haa-H,P2-aA-1Haa-T,-7.19062
P1-aA-1Haa-H,P2-aA-1Haa-R,-7.49603
P1-aA-1Haa-H,P2-aA-1Haa-D,-7.31521
P1-aA-1Haa-H,P2-aA-1Haa-E,-7.32533
P1-aA-1Haa-H,P2-aA-1Haa-K,-7.5066
P1-aA-1Haa-H,P2-aA-1Haa-H,-7.36109
P1-aA-1Haa-H,P2-aA-1Haa-Y,-7.29748
P1-aA-1Haa-Y,P2-aA-1Haa-I,-8.35768
P1-aA-1Haa-Y,P2-aA-1Haa-L,-7.73999
P1-aA-1Haa-Y,P2-aA-1Haa-V,-7.69536
P1-aA-1Haa-Y,P2-aA-1Haa-N,-7.83697
P1-aA-1Haa-Y,P2-aA-1Haa-S,-7.94817
P1-aA-1Haa-Y,P2-aA-1Haa-T,-7.62273
P1-aA-1Haa-Y,P2-aA-1Haa-R,-7.99665
P1-aA-1Haa-Y,P2-aA-1Haa-D,-7.76482
P1-aA-1Haa-Y,P2-aA-1Haa-E,-7.86272
P1-aA-1Haa-Y,P2-aA-1Haa-K,-7.96626
P1-aA-1Haa-Y,P2-aA-1Haa-H,-7.7915
P1-aA-1Haa-Y,P2-aA-1Haa-Y,-7.62932
P1-aA-1Haa-A,P2-aA-1Haa-I,-8.2189
P1-aA-1Haa-A,P2-aA-1Haa-L,-7.42776
P1-aA-1Haa-A,P2-aA-1Haa-V,-7.58463
P1-aA-1Haa-A,P2-aA-1Haa-N,-7.40987
P1-aA-1Haa-A,P2-aA-1Haa-S,-7.61339
P1-aA-1Haa-A,P2-aA-1Haa-T,-7.28008
P1-aA-1Haa-A,P2-aA-1Haa-R,-7.57514
P1-aA-1Haa-A,P2-aA-1Haa-D,-7.36914
P1-aA-1Haa-A,P2-aA-1Haa-E,-7.45952
P1-aA-1Haa-A,P2-aA-1Haa-K,-7.59801
P1-aA-1Haa-A,P2-aA-1Haa-H,-7.3073
P1-aA-1Haa-A,P2-aA-1Haa-Y,-7.34027
P1-aA-12Haa-I,P2-aA-12Haa-I,-8.31009
P1-aA-12Haa-I,P2-aA-12Haa-L,-7.74503
P1-aA-12Haa-I,P2-aA-12Haa-V,-7.47987
P1-aA-12Haa-I,P2-aA-12Haa-N,-6.69981
P1-aA-12Haa-I,P2-aA-12Haa-S,-7.48991
P1-aA-12Haa-I,P2-aA-12Haa-T,-6.98695
P1-aA-12Haa-I,P2-aA-12Haa-R,-7.84499
P1-aA-12Haa-I,P2-aA-12Haa-D,-7.51505
P1-aA-12Haa-I,P2-aA-12Haa-E,-7.74729
P1-aA-12Haa-I,P2-aA-12Haa-K,-8.20995
P1-aA-12Haa-I,P2-aA-12Haa-H,-7.50083
P1-aA-12Haa-I,P2-aA-12Haa-Y,-7.38149
P1-aA-12Haa-L,P2-aA-12Haa-I,-8.63417
P1-aA-12Haa-L,P2-aA-12Haa-L,-7.46373
P1-aA-12Haa-L,P2-aA-12Haa-V,-7.65215
P1-aA-12Haa-L,P2-aA-12Haa-N,-6.39873
P1-aA-12Haa-L,P2-aA-12Haa-S,-7.27635
P1-aA-12Haa-L,P2-aA-12Haa-T,-7.15519
P1-aA-12Haa-L,P2-aA-12Haa-R,-7.96403
P1-aA-12Haa-L,P2-aA-12Haa-D,-7.20593
P1-aA-12Haa-L,P2-aA-12Haa-E,-7.52595
P1-aA-12Haa-L,P2-aA-12Haa-K,-7.28807
P1-aA-12Haa-L,P2-aA-12Haa-H,-7.22727
P1-aA-12Haa-L,P2-aA-12Haa-Y,-7.03525
P1-aA-12Haa-V,P2-aA-12Haa-I,-7.97813
P1-aA-12Haa-V,P2-aA-12Haa-L,-7.26127
P1-aA-12Haa-V,P2-aA-12Haa-V,-7.08171
P1-aA-12Haa-V,P2-aA-12Haa-N,-5.94055
P1-aA-12Haa-V,P2-aA-12Haa-S,-7.39853
P1-aA-12Haa-V,P2-aA-12Haa-T,-6.66437
P1-aA-12Haa-V,P2-aA-12Haa-R,-7.56347
P1-aA-12Haa-V,P2-aA-12Haa-D,-6.92351
P1-aA-12Haa-V,P2-aA-12Haa-E,-7.13195
P1-aA-12Haa-V,P2-aA-12Haa-K,-7.87223
P1-aA-12Haa-V,P2-aA-12Haa-H,-6.83207
P1-aA-12Haa-V,P2-aA-12Haa-Y,-6.55511
P1-aA-12Haa-N,P2-aA-12Haa-I,-7.48449
P1-aA-12Haa-N,P2-aA-12Haa-L,-6.29427
P1-aA-12Haa-N,P2-aA-12Haa-V,-6.22697
P1-aA-12Haa-N,P2-aA-12Haa-N,-7.97915
P1-aA-12Haa-N,P2-aA-12Haa-S,-7.57645
P1-aA-12Haa-N,P2-aA-12Haa-T,-6.76173
P1-aA-12Haa-N,P2-aA-12Haa-R,-7.74745
P1-aA-12Haa-N,P2-aA-12Haa-D,-7.10995
P1-aA-12Haa-N,P2-aA-12Haa-E,-7.23045
P1-aA-12Haa-N,P2-aA-12Haa-K,-7.71769
P1-aA-12Haa-N,P2-aA-12Haa-H,-7.06991
P1-aA-12Haa-N,P2-aA-12Haa-Y,-7.12475
P1-aA-12Haa-S,P2-aA-12Haa-I,-8.18749
P1-aA-12Haa-S,P2-aA-12Haa-L,-7.08479
P1-aA-12Haa-S,P2-aA-12Haa-V,-7.59785
P1-aA-12Haa-S,P2-aA-12Haa-N,-7.48935
P1-aA-12Haa-S,P2-aA-12Haa-S,-6.66063
P1-aA-12Haa-S,P2-aA-12Haa-T,-6.61817
P1-aA-12Haa-S,P2-aA-12Haa-R,-7.56051
P1-aA-12Haa-S,P2-aA-12Haa-D,-7.09121
P1-aA-12Haa-S,P2-aA-12Haa-E,-7.23387
P1-aA-12Haa-S,P2-aA-12Haa-K,-7.45141
P1-aA-12Haa-S,P2-aA-12Haa-H,-7.06671
P1-aA-12Haa-S,P2-aA-12Haa-Y,-7.26005
P1-aA-12Haa-T,P2-aA-12Haa-I,-7.75155
P1-aA-12Haa-T,P2-aA-12Haa-L,-7.03065
P1-aA-12Haa-T,P2-aA-12Haa-V,-6.93071
P1-aA-12Haa-T,P2-aA-12Haa-N,-6.74165
P1-aA-12Haa-T,P2-aA-12Haa-S,-6.68519
P1-aA-12Haa-T,P2-aA-12Haa-T,-6.25503
P1-aA-12Haa-T,P2-aA-12Haa-R,-7.26893
P1-aA-12Haa-T,P2-aA-12Haa-D,-6.84161
P1-aA-12Haa-T,P2-aA-12Haa-E,-7.05197
P1-aA-12Haa-T,P2-aA-12Haa-K,-7.35333
P1-aA-12Haa-T,P2-aA-12Haa-H,-6.80001
P1-aA-12Haa-T,P2-aA-12Haa-Y,-6.67619
P1-aA-12Haa-R,P2-aA-12Haa-I,-8.25933
P1-aA-12Haa-R,P2-aA-12Haa-L,-7.48923
P1-aA-12Haa-R,P2-aA-12Haa-V,-7.47955
P1-aA-12Haa-R,P2-aA-12Haa-N,-7.37711
P1-aA-12Haa-R,P2-aA-12Haa-S,-7.27727
P1-aA-12Haa-R,P2-aA-12Haa-T,-6.91867
P1-aA-12Haa-R,P2-aA-12Haa-R,-7.27033
P1-aA-12Haa-R,P2-aA-12Haa-D,-7.16081
P1-aA-12Haa-R,P2-aA-12Haa-E,-7.26781
P1-aA-12Haa-R,P2-aA-12Haa-K,-7.59497
P1-aA-12Haa-R,P2-aA-12Haa-H,-7.06057
P1-aA-12Haa-R,P2-aA-12Haa-Y,-7.07377
P1-aA-12Haa-D,P2-aA-12Haa-I,-8.05215
P1-aA-12Haa-D,P2-aA-12Haa-L,-6.85389
P1-aA-12Haa-D,P2-aA-12Haa-V,-6.96235
P1-aA-12Haa-D,P2-aA-12Haa-N,-6.86237
P1-aA-12Haa-D,P2-aA-12Haa-S,-6.93073
P1-aA-12Haa-D,P2-aA-12Haa-T,-6.61411
P1-aA-12Haa-D,P2-aA-12Haa-R,-7.28357
P1-aA-12Haa-D,P2-aA-12Haa-D,-6.95343
P1-aA-12Haa-D,P2-aA-12Haa-E,-7.08417
P1-aA-12Haa-D,P2-aA-12Haa-K,-7.30719
P1-aA-12Haa-D,P2-aA-12Haa-H,-6.82169
P1-aA-12Haa-D,P2-aA-12Haa-Y,-6.73287
P1-aA-12Haa-E,P2-aA-12Haa-I,-8.53189
P1-aA-12Haa-E,P2-aA-12Haa-L,-7.42141
P1-aA-12Haa-E,P2-aA-12Haa-V,-7.41829
P1-aA-12Haa-E,P2-aA-12Haa-N,-7.23037
P1-aA-12Haa-E,P2-aA-12Haa-S,-7.32089
P1-aA-12Haa-E,P2-aA-12Haa-T,-7.07197
P1-aA-12Haa-E,P2-aA-12Haa-R,-7.63807
P1-aA-12Haa-E,P2-aA-12Haa-D,-7.33167
P1-aA-12Haa-E,P2-aA-12Haa-E,-7.19811
P1-aA-12Haa-E,P2-aA-12Haa-K,-7.58605
P1-aA-12Haa-E,P2-aA-12Haa-H,-7.08943
P1-aA-12Haa-E,P2-aA-12Haa-Y,-7.17617
P1-aA-12Haa-K,P2-aA-12Haa-I,-8.23051
P1-aA-12Haa-K,P2-aA-12Haa-L,-6.41949
P1-aA-12Haa-K,P2-aA-12Haa-V,-7.39453
P1-aA-12Haa-K,P2-aA-12Haa-N,-6.95357
P1-aA-12Haa-K,P2-aA-12Haa-S,-6.77439
P1-aA-12Haa-K,P2-aA-12Haa-T,-6.60929
P1-aA-12Haa-K,P2-aA-12Haa-R,-7.20119
P1-aA-12Haa-K,P2-aA-12Haa-D,-6.79065
P1-aA-12Haa-K,P2-aA-12Haa-E,-6.82201
P1-aA-12Haa-K,P2-aA-12Haa-K,-7.12395
P1-aA-12Haa-K,P2-aA-12Haa-H,-6.68793
P1-aA-12Haa-K,P2-aA-12Haa-Y,-6.61921
P1-aA-12Haa-H,P2-aA-12Haa-I,-7.86751
P1-aA-12Haa-H,P2-aA-12Haa-L,-6.70481
P1-aA-12Haa-H,P2-aA-12Haa-V,-6.70049
P1-aA-12Haa-H,P2-aA-12Haa-N,-6.65191
P1-aA-12Haa-H,P2-aA-12Haa-S,-6.73581
P1-aA-12Haa-H,P2-aA-12Haa-T,-6.40209
P1-aA-12Haa-H,P2-aA-12Haa-R,-7.01291
P1-aA-12Haa-H,P2-aA-12Haa-D,-6.65127
P1-aA-12Haa-H,P2-aA-12Haa-E,-6.67151
P1-aA-12Haa-H,P2-aA-12Haa-K,-7.03405
P1-aA-12Haa-H,P2-aA-12Haa-H,-6.74303
P1-aA-12Haa-H,P2-aA-12Haa-Y,-6.61581
P1-aA-12Haa-Y,P2-aA-12Haa-I,-8.73621
P1-aA-12Haa-Y,P2-aA-12Haa-L,-7.50083
P1-aA-12Haa-Y,P2-aA-12Haa-V,-7.41157
P1-aA-12Haa-Y,P2-aA-12Haa-N,-7.69479
P1-aA-12Haa-Y,P2-aA-12Haa-S,-7.91719
P1-aA-12Haa-Y,P2-aA-12Haa-T,-7.26631
P1-aA-12Haa-Y,P2-aA-12Haa-R,-8.01415
P1-aA-12Haa-Y,P2-aA-12Haa-D,-7.55049
P1-aA-12Haa-Y,P2-aA-12Haa-E,-7.74629
P1-aA-12Haa-Y,P2-aA-12Haa-K,-7.95337
P1-aA-12Haa-Y,P2-aA-12Haa-H,-7.60385
P1-aA-12Haa-Y,P2-aA-12Haa-Y,-7.27949
P1-aA-12Haa-A,P2-aA-12Haa-I,-8.45865
P1-aA-12Haa-A,P2-aA-12Haa-L,-6.87637
P1-aA-12Haa-A,P2-aA-12Haa-V,-7.19011
P1-aA-12Haa-A,P2-aA-12Haa-N,-6.84059
P1-aA-12Haa-A,P2-aA-12Haa-S,-7.24763
P1-aA-12Haa-A,P2-aA-12Haa-T,-6.58101
P1-aA-12Haa-A,P2-aA-12Haa-R,-7.17113
P1-aA-12Haa-A,P2-aA-12Haa-D,-6.75913
P1-aA-12Haa-A,P2-aA-12Haa-E,-6.93989
P1-aA-12Haa-A,P2-aA-12Haa-K,-7.21687
P1-aA-12Haa-A,P2-aA-12Haa-H,-6.63545
P1-aA-12Haa-A,P2-aA-12Haa-Y,-6.70139
P5-aA-1Hge-R,P6-aA-1Hge-R,-8.3708
P5-aA-1Hge-R,P6-aA-1Hge-E,-9.26864
P5-aA-1Hge-R,P6-aA-1Hge-K,-8.53496
P5-aA-1Hge-R,P6-aA-1Hge-Q,-8.61552
P5-aA-1Hge-R,P6-aA-1Hge-A,-8.37424
P5-aA-1Hge-R,P6-aA-1Hge-D,-8.63031
P5-aA-1Hge-R,P6-aA-1Hge-T,-9.03347
P5-aA-1Hge-R,P6-aA-1Hge-S,-8.32699
P5-aA-1Hge-R,P6-aA-1Hge-M,-8.50418
P5-aA-1Hge-R,P6-aA-1Hge-H,-8.30544
P5-aA-1Hge-R,P6-aA-1Hge-W,-8.51487
P5-aA-1Hge-E,P6-aA-1Hge-R,-9.16299
P5-aA-1Hge-E,P6-aA-1Hge-E,-8.44501
P5-aA-1Hge-E,P6-aA-1Hge-K,-9.07691
P5-aA-1Hge-E,P6-aA-1Hge-Q,-8.71037
P5-aA-1Hge-E,P6-aA-1Hge-A,-8.59014
P5-aA-1Hge-E,P6-aA-1Hge-D,-8.43409
P5-aA-1Hge-E,P6-aA-1Hge-T,-8.87704
P5-aA-1Hge-E,P6-aA-1Hge-S,-8.11021
P5-aA-1Hge-E,P6-aA-1Hge-M,-8.73004
P5-aA-1Hge-E,P6-aA-1Hge-H,-8.3719
P5-aA-1Hge-E,P6-aA-1Hge-W,-8.57852
P5-aA-1Hge-K,P6-aA-1Hge-R,-8.51854
P5-aA-1Hge-K,P6-aA-1Hge-E,-9.16614
P5-aA-1Hge-K,P6-aA-1Hge-K,-8.68162
P5-aA-1Hge-K,P6-aA-1Hge-Q,-8.93729
P5-aA-1Hge-K,P6-aA-1Hge-A,-8.5469
P5-aA-1Hge-K,P6-aA-1Hge-D,-8.80645
P5-aA-1Hge-K,P6-aA-1Hge-T,-8.98909
P5-aA-1Hge-K,P6-aA-1Hge-S,-8.2845
P5-aA-1Hge-K,P6-aA-1Hge-M,-8.73186
P5-aA-1Hge-K,P6-aA-1Hge-H,-8.53556
P5-aA-1Hge-K,P6-aA-1Hge-W,-8.63022
P5-aA-1Hge-Q,P6-aA-1Hge-R,-8.33039
P5-aA-1Hge-Q,P6-aA-1Hge-E,-8.53089
P5-aA-1Hge-Q,P6-aA-1Hge-K,-8.66858
P5-aA-1Hge-Q,P6-aA-1Hge-Q,-8.66521
P5-aA-1Hge-Q,P6-aA-1Hge-A,-8.22582
P5-aA-1Hge-Q,P6-aA-1Hge-D,-8.58485
P5-aA-1Hge-Q,P6-aA-1Hge-T,-8.81951
P5-aA-1Hge-Q,P6-aA-1Hge-S,-7.93699
P5-aA-1Hge-Q,P6-aA-1Hge-M,-8.48686
P5-aA-1Hge-Q,P6-aA-1Hge-H,-7.98735
P5-aA-1Hge-Q,P6-aA-1Hge-W,-8.31203
P5-aA-1Hge-A,P6-aA-1Hge-R,-8.43456
P5-aA-1Hge-A,P6-aA-1Hge-E,-8.75611
P5-aA-1Hge-A,P6-aA-1Hge-K,-8.62364
P5-aA-1Hge-A,P6-aA-1Hge-Q,-8.57127
P5-aA-1Hge-A,P6-aA-1Hge-A,-8.51132
P5-aA-1Hge-A,P6-aA-1Hge-D,-8.62827
P5-aA-1Hge-A,P6-aA-1Hge-T,-9.10146
P5-aA-1Hge-A,P6-aA-1Hge-S,-8.08941
P5-aA-1Hge-A,P6-aA-1Hge-M,-8.64854
P5-aA-1Hge-A,P6-aA-1Hge-H,-8.23515
P5-aA-1Hge-A,P6-aA-1Hge-W,-8.52278
P5-aA-1Hge-D,P6-aA-1Hge-R,-8.55527
P5-aA-1Hge-D,P6-aA-1Hge-E,-8.4647
P5-aA-1Hge-D,P6-aA-1Hge-K,-8.74783
P5-aA-1Hge-D,P6-aA-1Hge-Q,-8.79494
P5-aA-1Hge-D,P6-aA-1Hge-A,-8.49291
P5-aA-1Hge-D,P6-aA-1Hge-D,-8.48076
P5-aA-1Hge-D,P6-aA-1Hge-T,-8.8547
P5-aA-1Hge-D,P6-aA-1Hge-S,-8.09857
P5-aA-1Hge-D,P6-aA-1Hge-M,-8.52522
P5-aA-1Hge-D,P6-aA-1Hge-H,-8.14934
P5-aA-1Hge-D,P6-aA-1Hge-W,-8.44511
P5-aA-1Hge-T,P6-aA-1Hge-R,-9.19357
P5-aA-1Hge-T,P6-aA-1Hge-E,-9.14279
P5-aA-1Hge-T,P6-aA-1Hge-K,-9.16561
P5-aA-1Hge-T,P6-aA-1Hge-Q,-9.26474
P5-aA-1Hge-T,P6-aA-1Hge-A,-9.20124
P5-aA-1Hge-T,P6-aA-1Hge-D,-9.08984
P5-aA-1Hge-T,P6-aA-1Hge-T,-9.58008
P5-aA-1Hge-T,P6-aA-1Hge-S,-8.83898
P5-aA-1Hge-T,P6-aA-1Hge-M,-9.1125
P5-aA-1Hge-T,P6-aA-1Hge-H,-8.82397
P5-aA-1Hge-T,P6-aA-1Hge-W,-9.13398
P5-aA-1Hge-S,P6-aA-1Hge-R,-8.42039
P5-aA-1Hge-S,P6-aA-1Hge-E,-8.30926
P5-aA-1Hge-S,P6-aA-1Hge-K,-8.39432
P5-aA-1Hge-S,P6-aA-1Hge-Q,-8.31552
P5-aA-1Hge-S,P6-aA-1Hge-A,-8.12249
P5-aA-1Hge-S,P6-aA-1Hge-D,-8.26701
P5-aA-1Hge-S,P6-aA-1Hge-T,-8.77228
P5-aA-1Hge-S,P6-aA-1Hge-S,-7.82556
P5-aA-1Hge-S,P6-aA-1Hge-M,-8.29105
P5-aA-1Hge-S,P6-aA-1Hge-H,-8.05049
P5-aA-1Hge-S,P6-aA-1Hge-W,-8.26962
P5-aA-1Hge-M,P6-aA-1Hge-R,-8.52014
P5-aA-1Hge-M,P6-aA-1Hge-E,-8.85165
P5-aA-1Hge-M,P6-aA-1Hge-K,-8.76424
P5-aA-1Hge-M,P6-aA-1Hge-Q,-8.78795
P5-aA-1Hge-M,P6-aA-1Hge-A,-8.60418
P5-aA-1Hge-M,P6-aA-1Hge-D,-8.61622
P5-aA-1Hge-M,P6-aA-1Hge-T,-8.96836
P5-aA-1Hge-M,P6-aA-1Hge-S,-8.21361
P5-aA-1Hge-M,P6-aA-1Hge-M,-8.61288
P5-aA-1Hge-M,P6-aA-1Hge-H,-8.36554
P5-aA-1Hge-M,P6-aA-1Hge-W,-8.57592
P5-aA-1Hge-H,P6-aA-1Hge-R,-8.32954
P5-aA-1Hge-H,P6-aA-1Hge-E,-8.50165
P5-aA-1Hge-H,P6-aA-1Hge-K,-8.57608
P5-aA-1Hge-H,P6-aA-1Hge-Q,-8.29658
P5-aA-1Hge-H,P6-aA-1Hge-A,-8.19893
P5-aA-1Hge-H,P6-aA-1Hge-D,-8.24848
P5-aA-1Hge-H,P6-aA-1Hge-T,-8.68797
P5-aA-1Hge-H,P6-aA-1Hge-S,-7.98119
P5-aA-1Hge-H,P6-aA-1Hge-M,-8.37368
P5-aA-1Hge-H,P6-aA-1Hge-H,-8.05868
P5-aA-1Hge-H,P6-aA-1Hge-W,-8.27184
P5-aA-1Hge-W,P6-aA-1Hge-R,-8.50807
P5-aA-1Hge-W,P6-aA-1Hge-E,-8.67737
P5-aA-1Hge-W,P6-aA-1Hge-K,-8.63984
P5-aA-1Hge-W,P6-aA-1Hge-Q,-8.59036
P5-aA-1Hge-W,P6-aA-1Hge-A,-8.45566
P5-aA-1Hge-W,P6-aA-1Hge-D,-8.51335
P5-aA-1Hge-W,P6-aA-1Hge-T,-8.96708
P5-aA-1Hge-W,P6-aA-1Hge-S,-8.16942
P5-aA-1Hge-W,P6-aA-1Hge-M,-8.55316
P5-aA-1Hge-W,P6-aA-1Hge-H,-8.24094
P5-aA-1Hge-W,P6-aA-1Hge-W,-8.5109
P5-aA-1Hge-Y,P6-aA-1Hge-R,-8.72255
P5-aA-1Hge-Y,P6-aA-1Hge-E,-9.12235
P5-aA-1Hge-Y,P6-aA-1Hge-K,-8.86343
P5-aA-1Hge-Y,P6-aA-1Hge-Q,-8.81788
P5-aA-1Hge-Y,P6-aA-1Hge-A,-8.54715
P5-aA-1Hge-Y,P6-aA-1Hge-D,-8.69925
P5-aA-1Hge-Y,P6-aA-1Hge-T,-9.14124
P5-aA-1Hge-Y,P6-aA-1Hge-S,-8.34189
P5-aA-1Hge-Y,P6-aA-1Hge-M,-8.70546
P5-aA-1Hge-Y,P6-aA-1Hge-H,-8.42935
P5-aA-1Hge-Y,P6-aA-1Hge-W,-8.70744
P5-aA-12Hge-R,P6-aA-12Hge-R,-7.45187
P5-aA-12Hge-R,P6-aA-12Hge-E,-8.95207
P5-aA-12Hge-R,P6-aA-12Hge-K,-7.35859
P5-aA-12Hge-R,P6-aA-12Hge-Q,-7.81627
P5-aA-12Hge-R,P6-aA-12Hge-A,-7.54313
P5-aA-12Hge-R,P6-aA-12Hge-D,-7.97644
P5-aA-12Hge-R,P6-aA-12Hge-T,-7.91392
P5-aA-12Hge-R,P6-aA-12Hge-S,-7.09211
P5-aA-12Hge-R,P6-aA-12Hge-M,-7.32406
P5-aA-12Hge-R,P6-aA-12Hge-H,-6.92718
P5-aA-12Hge-R,P6-aA-12Hge-W,-7.75347
P5-aA-12Hge-E,P6-aA-12Hge-R,-8.95226
P5-aA-12Hge-E,P6-aA-12Hge-E,-7.43286
P5-aA-12Hge-E,P6-aA-12Hge-K,-8.7496
P5-aA-12Hge-E,P6-aA-12Hge-Q,-8.23015
P5-aA-12Hge-E,P6-aA-12Hge-A,-8.06052
P5-aA-12Hge-E,P6-aA-12Hge-D,-7.57346
P5-aA-12Hge-E,P6-aA-12Hge-T,-7.61119
P5-aA-12Hge-E,P6-aA-12Hge-S,-6.76397
P5-aA-12Hge-E,P6-aA-12Hge-M,-7.61622
P5-aA-12Hge-E,P6-aA-12Hge-H,-7.3737
P5-aA-12Hge-E,P6-aA-12Hge-W,-7.88832
P5-aA-12Hge-K,P6-aA-12Hge-R,-7.77532
P5-aA-12Hge-K,P6-aA-12Hge-E,-9.16614
P5-aA-12Hge-K,P6-aA-12Hge-K,-8.37012
P5-aA-12Hge-K,P6-aA-12Hge-Q,-8.46528
P5-aA-12Hge-K,P6-aA-12Hge-A,-8.04985
P5-aA-12Hge-K,P6-aA-12Hge-D,-8.5709
P5-aA-12Hge-K,P6-aA-12Hge-T,-8.16198
P5-aA-12Hge-K,P6-aA-12Hge-S,-7.38241
P5-aA-12Hge-K,P6-aA-12Hge-M,-8.30736
P5-aA-12Hge-K,P6-aA-12Hge-H,-7.74148
P5-aA-12Hge-K,P6-aA-12Hge-W,-8.09913
P5-aA-12Hge-Q,P6-aA-12Hge-R,-7.34924
P5-aA-12Hge-Q,P6-aA-12Hge-E,-7.76293
P5-aA-12Hge-Q,P6-aA-12Hge-K,-7.58152
P5-aA-12Hge-Q,P6-aA-12Hge-Q,-8.26912
P5-aA-12Hge-Q,P6-aA-12Hge-A,-7.1362
P5-aA-12Hge-Q,P6-aA-12Hge-D,-7.69893
P5-aA-12Hge-Q,P6-aA-12Hge-T,-7.60117
P5-aA-12Hge-Q,P6-aA-12Hge-S,-6.51162
P5-aA-12Hge-Q,P6-aA-12Hge-M,-7.04765
P5-aA-12Hge-Q,P6-aA-12Hge-H,-6.32775
P5-aA-12Hge-Q,P6-aA-12Hge-W,-7.23708
P5-aA-12Hge-A,P6-aA-12Hge-R,-7.48279
P5-aA-12Hge-A,P6-aA-12Hge-E,-7.99999
P5-aA-12Hge-A,P6-aA-12Hge-K,-7.57278
P5-aA-12Hge-A,P6-aA-12Hge-Q,-7.54289
P5-aA-12Hge-A,P6-aA-12Hge-A,-7.44131
P5-aA-12Hge-A,P6-aA-12Hge-D,-7.95233
P5-aA-12Hge-A,P6-aA-12Hge-T,-8.09997
P5-aA-12Hge-A,P6-aA-12Hge-S,-6.85252
P5-aA-12Hge-A,P6-aA-12Hge-M,-7.36655
P5-aA-12Hge-A,P6-aA-12Hge-H,-6.73435
P5-aA-12Hge-A,P6-aA-12Hge-W,-7.55276
P5-aA-12Hge-D,P6-aA-12Hge-R,-7.96102
P5-aA-12Hge-D,P6-aA-12Hge-E,-7.55785
P5-aA-12Hge-D,P6-aA-12Hge-K,-8.13875
P5-aA-12Hge-D,P6-aA-12Hge-Q,-8.15054
P5-aA-12Hge-D,P6-aA-12Hge-A,-7.99725
P5-aA-12Hge-D,P6-aA-12Hge-D,-7.76089
P5-aA-12Hge-D,P6-aA-12Hge-T,-7.99516
P5-aA-12Hge-D,P6-aA-12Hge-S,-6.83774
P5-aA-12Hge-D,P6-aA-12Hge-M,-7.40864
P5-aA-12Hge-D,P6-aA-12Hge-H,-6.99116
P5-aA-12Hge-D,P6-aA-12Hge-W,-7.6655
P5-aA-12Hge-T,P6-aA-12Hge-R,-8.09547
P5-aA-12Hge-T,P6-aA-12Hge-E,-7.79255
P5-aA-12Hge-T,P6-aA-12Hge-K,-7.9268
P5-aA-12Hge-T,P6-aA-12Hge-Q,-8.24975
P5-aA-12Hge-T,P6-aA-12Hge-A,-8.34186
P5-aA-12Hge-T,P6-aA-12Hge-D,-8.19213
P5-aA-12Hge-T,P6-aA-12Hge-T,-8.27222
P5-aA-12Hge-T,P6-aA-12Hge-S,-7.43523
P5-aA-12Hge-T,P6-aA-12Hge-M,-7.69165
P5-aA-12Hge-T,P6-aA-12Hge-H,-6.9749
P5-aA-12Hge-T,P6-aA-12Hge-W,-8.01361
P5-aA-12Hge-S,P6-aA-12Hge-R,-7.23028
P5-aA-12Hge-S,P6-aA-12Hge-E,-6.90195
P5-aA-12Hge-S,P6-aA-12Hge-K,-7.10385
P5-aA-12Hge-S,P6-aA-12Hge-Q,-7.11682
P5-aA-12Hge-S,P6-aA-12Hge-A,-7.05103
P5-aA-12Hge-S,P6-aA-12Hge-D,-6.99133
P5-aA-12Hge-S,P6-aA-12Hge-T,-7.39185
P5-aA-12Hge-S,P6-aA-12Hge-S,-6.2873
P5-aA-12Hge-S,P6-aA-12Hge-M,-6.76968
P5-aA-12Hge-S,P6-aA-12Hge-H,-6.59339
P5-aA-12Hge-S,P6-aA-12Hge-W,-7.14917
P5-aA-12Hge-M,P6-aA-12Hge-R,-7.72876
P5-aA-12Hge-M,P6-aA-12Hge-E,-8.02073
P5-aA-12Hge-M,P6-aA-12Hge-K,-8.29533
P5-aA-12Hge-M,P6-aA-12Hge-Q,-7.91938
P5-aA-12Hge-M,P6-aA-12Hge-A,-7.83159
P5-aA-12Hge-M,P6-aA-12Hge-D,-7.82876
P5-aA-12Hge-M,P6-aA-12Hge-T,-7.9148
P5-aA-12Hge-M,P6-aA-12Hge-S,-7.03621
P5-aA-12Hge-M,P6-aA-12Hge-M,-7.31355
P5-aA-12Hge-M,P6-aA-12Hge-H,-7.15738
P5-aA-12Hge-M,P6-aA-12Hge-W,-7.73001
P5-aA-12Hge-H,P6-aA-12Hge-R,-6.74426
P5-aA-12Hge-H,P6-aA-12Hge-E,-7.19059
P5-aA-12Hge-H,P6-aA-12Hge-K,-7.14183
P5-aA-12Hge-H,P6-aA-12Hge-Q,-6.61186
P5-aA-12Hge-H,P6-aA-12Hge-A,-6.61177
P5-aA-12Hge-H,P6-aA-12Hge-D,-6.82366
P5-aA-12Hge-H,P6-aA-12Hge-T,-6.61043
P5-aA-12Hge-H,P6-aA-12Hge-S,-6.2723
P5-aA-12Hge-H,P6-aA-12Hge-M,-6.56976
P5-aA-12Hge-H,P6-aA-12Hge-H,-6.24277
P5-aA-12Hge-H,P6-aA-12Hge-W,-6.77802
P5-aA-12Hge-W,P6-aA-12Hge-R,-7.73
P5-aA-12Hge-W,P6-aA-12Hge-E,-7.86466
P5-aA-12Hge-W,P6-aA-12Hge-K,-7.65893
P5-aA-12Hge-W,P6-aA-12Hge-Q,-7.68064
P5-aA-12Hge-W,P6-aA-12Hge-A,-7.58963
P5-aA-12Hge-W,P6-aA-12Hge-D,-7.65745
P5-aA-12Hge-W,P6-aA-12Hge-T,-7.80859
P5-aA-12Hge-W,P6-aA-12Hge-S,-6.98753
P5-aA-12Hge-W,P6-aA-12Hge-M,-7.30184
P5-aA-12Hge-W,P6-aA-12Hge-H,-6.93747
P5-aA-12Hge-W,P6-aA-12Hge-W,-7.60344
P5-aA-12Hge-Y,P6-aA-12Hge-R,-7.70414
P5-aA-12Hge-Y,P6-aA-12Hge-E,-8.5065
P5-aA-12Hge-Y,P6-aA-12Hge-K,-7.79721
P5-aA-12Hge-Y,P6-aA-12Hge-Q,-7.90193
P5-aA-12Hge-Y,P6-aA-12Hge-A,-7.54861
P5-aA-12Hge-Y,P6-aA-12Hge-D,-7.85132
P5-aA-12Hge-Y,P6-aA-12Hge-T,-7.91977
P5-aA-12Hge-Y,P6-aA-12Hge-S,-7.09325
P5-aA-12Hge-Y,P6-aA-12Hge-M,-7.36986
P5-aA-12Hge-Y,P6-aA-12Hge-H,-7.07458
P5-aA-12Hge-Y,P6-aA-12Hge-W,-7.75681
P1-aA-1Hge-R,P2-aA-1Hge-R,-7.28864
P1-aA-1Hge-R,P2-aA-1Hge-E,-8.06397
P1-aA-1Hge-R,P2-aA-1Hge-K,-7.2894
P1-aA-1Hge-R,P2-aA-1Hge-Q,-7.80161
P1-aA-1Hge-R,P2-aA-1Hge-A,-7.53952
P1-aA-1Hge-R,P2-aA-1Hge-D,-7.74238
P1-aA-1Hge-R,P2-aA-1Hge-T,-7.30515
P1-aA-1Hge-R,P2-aA-1Hge-S,-7.07961
P1-aA-1Hge-R,P2-aA-1Hge-M,-7.24079
P1-aA-1Hge-R,P2-aA-1Hge-H,-7.24891
P1-aA-1Hge-R,P2-aA-1Hge-W,-7.50483
P1-aA-1Hge-E,P2-aA-1Hge-R,-8.08981
P1-aA-1Hge-E,P2-aA-1Hge-E,-7.23492
P1-aA-1Hge-E,P2-aA-1Hge-K,-7.97915
P1-aA-1Hge-E,P2-aA-1Hge-Q,-7.79747
P1-aA-1Hge-E,P2-aA-1Hge-A,-7.77703
P1-aA-1Hge-E,P2-aA-1Hge-D,-7.46156
P1-aA-1Hge-E,P2-aA-1Hge-T,-7.12831
P1-aA-1Hge-E,P2-aA-1Hge-S,-6.86942
P1-aA-1Hge-E,P2-aA-1Hge-M,-7.46908
P1-aA-1Hge-E,P2-aA-1Hge-H,-7.35409
P1-aA-1Hge-E,P2-aA-1Hge-W,-7.61034
P1-aA-1Hge-K,P2-aA-1Hge-R,-7.55332
P1-aA-1Hge-K,P2-aA-1Hge-E,-8.21723
P1-aA-1Hge-K,P2-aA-1Hge-K,-7.72704
P1-aA-1Hge-K,P2-aA-1Hge-Q,-8.23345
P1-aA-1Hge-K,P2-aA-1Hge-A,-7.88582
P1-aA-1Hge-K,P2-aA-1Hge-D,-8.06339
P1-aA-1Hge-K,P2-aA-1Hge-T,-7.35945
P1-aA-1Hge-K,P2-aA-1Hge-S,-7.19585
P1-aA-1Hge-K,P2-aA-1Hge-M,-7.71257
P1-aA-1Hge-K,P2-aA-1Hge-H,-7.69067
P1-aA-1Hge-K,P2-aA-1Hge-W,-7.7951
P1-aA-1Hge-Q,P2-aA-1Hge-R,-7.36984
P1-aA-1Hge-Q,P2-aA-1Hge-E,-7.33986
P1-aA-1Hge-Q,P2-aA-1Hge-K,-7.53776
P1-aA-1Hge-Q,P2-aA-1Hge-Q,-7.94645
P1-aA-1Hge-Q,P2-aA-1Hge-A,-7.47316
P1-aA-1Hge-Q,P2-aA-1Hge-D,-7.69714
P1-aA-1Hge-Q,P2-aA-1Hge-T,-7.22483
P1-aA-1Hge-Q,P2-aA-1Hge-S,-6.78583
P1-aA-1Hge-Q,P2-aA-1Hge-M,-7.31265
P1-aA-1Hge-Q,P2-aA-1Hge-H,-7.03256
P1-aA-1Hge-Q,P2-aA-1Hge-W,-7.37443
P1-aA-1Hge-A,P2-aA-1Hge-R,-7.4593
P1-aA-1Hge-A,P2-aA-1Hge-E,-7.67097
P1-aA-1Hge-A,P2-aA-1Hge-K,-7.54168
P1-aA-1Hge-A,P2-aA-1Hge-Q,-7.82471
P1-aA-1Hge-A,P2-aA-1Hge-A,-7.80976
P1-aA-1Hge-A,P2-aA-1Hge-D,-7.84065
P1-aA-1Hge-A,P2-aA-1Hge-T,-7.58935
P1-aA-1Hge-A,P2-aA-1Hge-S,-6.98817
P1-aA-1Hge-A,P2-aA-1Hge-M,-7.55272
P1-aA-1Hge-A,P2-aA-1Hge-H,-7.28546
P1-aA-1Hge-A,P2-aA-1Hge-W,-7.65187
P1-aA-1Hge-D,P2-aA-1Hge-R,-7.76163
P1-aA-1Hge-D,P2-aA-1Hge-E,-7.45497
P1-aA-1Hge-D,P2-aA-1Hge-K,-7.81872
P1-aA-1Hge-D,P2-aA-1Hge-Q,-8.14816
P1-aA-1Hge-D,P2-aA-1Hge-A,-7.94012
P1-aA-1Hge-D,P2-aA-1Hge-D,-7.79933
P1-aA-1Hge-D,P2-aA-1Hge-T,-7.47934
P1-aA-1Hge-D,P2-aA-1Hge-S,-7.14058
P1-aA-1Hge-D,P2-aA-1Hge-M,-7.55157
P1-aA-1Hge-D,P2-aA-1Hge-H,-7.36037
P1-aA-1Hge-D,P2-aA-1Hge-W,-7.69972
P1-aA-1Hge-T,P2-aA-1Hge-R,-7.50875
P1-aA-1Hge-T,P2-aA-1Hge-E,-7.30607
P1-aA-1Hge-T,P2-aA-1Hge-K,-7.29913
P1-aA-1Hge-T,P2-aA-1Hge-Q,-7.8602
P1-aA-1Hge-T,P2-aA-1Hge-A,-7.87317
P1-aA-1Hge-T,P2-aA-1Hge-D,-7.66369
P1-aA-1Hge-T,P2-aA-1Hge-T,-7.41966
P1-aA-1Hge-T,P2-aA-1Hge-S,-7.07416
P1-aA-1Hge-T,P2-aA-1Hge-M,-7.37363
P1-aA-1Hge-T,P2-aA-1Hge-H,-7.21519
P1-aA-1Hge-T,P2-aA-1Hge-W,-7.61966
P1-aA-1Hge-S,P2-aA-1Hge-R,-7.19333
P1-aA-1Hge-S,P2-aA-1Hge-E,-6.9573
P1-aA-1Hge-S,P2-aA-1Hge-K,-7.04565
P1-aA-1Hge-S,P2-aA-1Hge-Q,-7.33132
P1-aA-1Hge-S,P2-aA-1Hge-A,-7.18211
P1-aA-1Hge-S,P2-aA-1Hge-D,-7.23505
P1-aA-1Hge-S,P2-aA-1Hge-T,-6.98428
P1-aA-1Hge-S,P2-aA-1Hge-S,-6.47762
P1-aA-1Hge-S,P2-aA-1Hge-M,-6.9183
P1-aA-1Hge-S,P2-aA-1Hge-H,-6.88104
P1-aA-1Hge-S,P2-aA-1Hge-W,-7.15594
P1-aA-1Hge-M,P2-aA-1Hge-R,-7.68262
P1-aA-1Hge-M,P2-aA-1Hge-E,-7.88507
P1-aA-1Hge-M,P2-aA-1Hge-K,-7.89048
P1-aA-1Hge-M,P2-aA-1Hge-Q,-8.18625
P1-aA-1Hge-M,P2-aA-1Hge-A,-8.07477
P1-aA-1Hge-M,P2-aA-1Hge-D,-7.97415
P1-aA-1Hge-M,P2-aA-1Hge-T,-7.61186
P1-aA-1Hge-M,P2-aA-1Hge-S,-7.24641
P1-aA-1Hge-M,P2-aA-1Hge-M,-7.68055
P1-aA-1Hge-M,P2-aA-1Hge-H,-7.60854
P1-aA-1Hge-M,P2-aA-1Hge-W,-7.87087
P1-aA-1Hge-H,P2-aA-1Hge-R,-7.11245
P1-aA-1Hge-H,P2-aA-1Hge-E,-7.19179
P1-aA-1Hge-H,P2-aA-1Hge-K,-7.29029
P1-aA-1Hge-H,P2-aA-1Hge-Q,-7.32787
P1-aA-1Hge-H,P2-aA-1Hge-A,-7.22922
P1-aA-1Hge-H,P2-aA-1Hge-D,-7.20466
P1-aA-1Hge-H,P2-aA-1Hge-T,-6.87513
P1-aA-1Hge-H,P2-aA-1Hge-S,-6.63086
P1-aA-1Hge-H,P2-aA-1Hge-M,-7.03025
P1-aA-1Hge-H,P2-aA-1Hge-H,-6.88294
P1-aA-1Hge-H,P2-aA-1Hge-W,-7.15773
P1-aA-1Hge-W,P2-aA-1Hge-R,-7.47518
P1-aA-1Hge-W,P2-aA-1Hge-E,-7.55485
P1-aA-1Hge-W,P2-aA-1Hge-K,-7.50153
P1-aA-1Hge-W,P2-aA-1Hge-Q,-7.77655
P1-aA-1Hge-W,P2-aA-1Hge-A,-7.70244
P1-aA-1Hge-W,P2-aA-1Hge-D,-7.65082
P1-aA-1Hge-W,P2-aA-1Hge-T,-7.38641
P1-aA-1Hge-W,P2-aA-1Hge-S,-7.01257
P1-aA-1Hge-W,P2-aA-1Hge-M,-7.39939
P1-aA-1Hge-W,P2-aA-1Hge-H,-7.26454
P1-aA-1Hge-W,P2-aA-1Hge-W,-7.58441
P1-aA-1Hge-Y,P2-aA-1Hge-R,-7.4492
P1-aA-1Hge-Y,P2-aA-1Hge-E,-7.66302
P1-aA-1Hge-Y,P2-aA-1Hge-K,-7.48367
P1-aA-1Hge-Y,P2-aA-1Hge-Q,-7.75955
P1-aA-1Hge-Y,P2-aA-1Hge-A,-7.54328
P1-aA-1Hge-Y,P2-aA-1Hge-D,-7.59505
P1-aA-1Hge-Y,P2-aA-1Hge-T,-7.30997
P1-aA-1Hge-Y,P2-aA-1Hge-S,-6.94169
P1-aA-1Hge-Y,P2-aA-1Hge-M,-7.30834
P1-aA-1Hge-Y,P2-aA-1Hge-H,-7.20667
P1-aA-1Hge-Y,P2-aA-1Hge-W,-7.53467
P1-aA-12Hge-R,P2-aA-12Hge-R,-6.57798
P1-aA-12Hge-R,P2-aA-12Hge-E,-8.0659
P1-aA-12Hge-R,P2-aA-12Hge-K,-6.55057
P1-aA-12Hge-R,P2-aA-12Hge-Q,-7.09273
P1-aA-12Hge-R,P2-aA-12Hge-A,-6.88463
P1-aA-12Hge-R,P2-aA-12Hge-D,-7.34887
P1-aA-12Hge-R,P2-aA-12Hge-T,-6.40332
P1-aA-12Hge-R,P2-aA-12Hge-S,-6.06556
P1-aA-12Hge-R,P2-aA-12Hge-M,-6.46541
P1-aA-12Hge-R,P2-aA-12Hge-H,-6.01672
P1-aA-12Hge-R,P2-aA-12Hge-W,-6.95626
P1-aA-12Hge-E,P2-aA-12Hge-R,-7.97712
P1-aA-12Hge-E,P2-aA-12Hge-E,-6.43104
P1-aA-12Hge-E,P2-aA-12Hge-K,-7.97915
P1-aA-12Hge-E,P2-aA-12Hge-Q,-7.29739
P1-aA-12Hge-E,P2-aA-12Hge-A,-7.3134
P1-aA-12Hge-E,P2-aA-12Hge-D,-6.75106
P1-aA-12Hge-E,P2-aA-12Hge-T,-5.96995
P1-aA-12Hge-E,P2-aA-12Hge-S,-5.63378
P1-aA-12Hge-E,P2-aA-12Hge-M,-6.64977
P1-aA-12Hge-E,P2-aA-12Hge-H,-6.39173
P1-aA-12Hge-E,P2-aA-12Hge-W,-7.02274
P1-aA-12Hge-K,P2-aA-12Hge-R,-6.7891
P1-aA-12Hge-K,P2-aA-12Hge-E,-8.30646
P1-aA-12Hge-K,P2-aA-12Hge-K,-7.62381
P1-aA-12Hge-K,P2-aA-12Hge-Q,-7.62254
P1-aA-12Hge-K,P2-aA-12Hge-A,-7.33572
P1-aA-12Hge-K,P2-aA-12Hge-D,-7.85893
P1-aA-12Hge-K,P2-aA-12Hge-T,-6.52079
P1-aA-12Hge-K,P2-aA-12Hge-S,-6.28532
P1-aA-12Hge-K,P2-aA-12Hge-M,-7.46354
P1-aA-12Hge-K,P2-aA-12Hge-H,-6.81339
P1-aA-12Hge-K,P2-aA-12Hge-W,-7.24757
P1-aA-12Hge-Q,P2-aA-12Hge-R,-6.71486
P1-aA-12Hge-Q,P2-aA-12Hge-E,-7.0083
P1-aA-12Hge-Q,P2-aA-12Hge-K,-7.00614
P1-aA-12Hge-Q,P2-aA-12Hge-Q,-7.75863
P1-aA-12Hge-Q,P2-aA-12Hge-A,-6.67766
P1-aA-12Hge-Q,P2-aA-12Hge-D,-7.18948
P1-aA-12Hge-Q,P2-aA-12Hge-T,-6.34211
P1-aA-12Hge-Q,P2-aA-12Hge-S,-5.69919
P1-aA-12Hge-Q,P2-aA-12Hge-M,-6.39608
P1-aA-12Hge-Q,P2-aA-12Hge-H,-5.63693
P1-aA-12Hge-Q,P2-aA-12Hge-W,-6.63021
P1-aA-12Hge-A,P2-aA-12Hge-R,-6.74785
P1-aA-12Hge-A,P2-aA-12Hge-E,-7.2654
P1-aA-12Hge-A,P2-aA-12Hge-K,-6.96041
P1-aA-12Hge-A,P2-aA-12Hge-Q,-6.91875
P1-aA-12Hge-A,P2-aA-12Hge-A,-6.94802
P1-aA-12Hge-A,P2-aA-12Hge-D,-7.45712
P1-aA-12Hge-A,P2-aA-12Hge-T,-6.83763
P1-aA-12Hge-A,P2-aA-12Hge-S,-6.00416
P1-aA-12Hge-A,P2-aA-12Hge-M,-6.70752
P1-aA-12Hge-A,P2-aA-12Hge-H,-5.96278
P1-aA-12Hge-A,P2-aA-12Hge-W,-6.92673
P1-aA-12Hge-D,P2-aA-12Hge-R,-7.32356
P1-aA-12Hge-D,P2-aA-12Hge-E,-6.81453
P1-aA-12Hge-D,P2-aA-12Hge-K,-7.59509
P1-aA-12Hge-D,P2-aA-12Hge-Q,-7.54204
P1-aA-12Hge-D,P2-aA-12Hge-A,-7.56859
P1-aA-12Hge-D,P2-aA-12Hge-D,-7.28773
P1-aA-12Hge-D,P2-aA-12Hge-T,-6.78543
P1-aA-12Hge-D,P2-aA-12Hge-S,-6.04849
P1-aA-12Hge-D,P2-aA-12Hge-M,-6.78764
P1-aA-12Hge-D,P2-aA-12Hge-H,-6.29617
P1-aA-12Hge-D,P2-aA-12Hge-W,-7.08085
P1-aA-12Hge-T,P2-aA-12Hge-R,-6.60947
P1-aA-12Hge-T,P2-aA-12Hge-E,-6.26488
P1-aA-12Hge-T,P2-aA-12Hge-K,-6.48841
P1-aA-12Hge-T,P2-aA-12Hge-Q,-6.92613
P1-aA-12Hge-T,P2-aA-12Hge-A,-7.18056
P1-aA-12Hge-T,P2-aA-12Hge-D,-7.01689
P1-aA-12Hge-T,P2-aA-12Hge-T,-6.32007
P1-aA-12Hge-T,P2-aA-12Hge-S,-5.88179
P1-aA-12Hge-T,P2-aA-12Hge-M,-6.34807
P1-aA-12Hge-T,P2-aA-12Hge-H,-5.50274
P1-aA-12Hge-T,P2-aA-12Hge-W,-6.70267
P1-aA-12Hge-S,P2-aA-12Hge-R,-6.19893
P1-aA-12Hge-S,P2-aA-12Hge-E,-5.85593
P1-aA-12Hge-S,P2-aA-12Hge-K,-6.18016
P1-aA-12Hge-S,P2-aA-12Hge-Q,-6.21043
P1-aA-12Hge-S,P2-aA-12Hge-A,-6.27431
P1-aA-12Hge-S,P2-aA-12Hge-D,-6.20717
P1-aA-12Hge-S,P2-aA-12Hge-T,-5.80901
P1-aA-12Hge-S,P2-aA-12Hge-S,-5.14763
P1-aA-12Hge-S,P2-aA-12Hge-M,-5.78911
P1-aA-12Hge-S,P2-aA-12Hge-H,-5.55745
P1-aA-12Hge-S,P2-aA-12Hge-W,-6.23576
P1-aA-12Hge-M,P2-aA-12Hge-R,-6.90304
P1-aA-12Hge-M,P2-aA-12Hge-E,-7.17618
P1-aA-12Hge-M,P2-aA-12Hge-K,-7.66264
P1-aA-12Hge-M,P2-aA-12Hge-Q,-7.21158
P1-aA-12Hge-M,P2-aA-12Hge-A,-7.28193
P1-aA-12Hge-M,P2-aA-12Hge-D,-7.25058
P1-aA-12Hge-M,P2-aA-12Hge-T,-6.57955
P1-aA-12Hge-M,P2-aA-12Hge-S,-6.09337
P1-aA-12Hge-M,P2-aA-12Hge-M,-6.58949
P1-aA-12Hge-M,P2-aA-12Hge-H,-6.34998
P1-aA-12Hge-M,P2-aA-12Hge-W,-7.04132
P1-aA-12Hge-H,P2-aA-12Hge-R,-5.79764
P1-aA-12Hge-H,P2-aA-12Hge-E,-6.26143
P1-aA-12Hge-H,P2-aA-12Hge-K,-6.35578
P1-aA-12Hge-H,P2-aA-12Hge-Q,-5.79572
P1-aA-12Hge-H,P2-aA-12Hge-A,-5.88048
P1-aA-12Hge-H,P2-aA-12Hge-D,-6.1024
P1-aA-12Hge-H,P2-aA-12Hge-T,-5.07751
P1-aA-12Hge-H,P2-aA-12Hge-S,-5.205
P1-aA-12Hge-H,P2-aA-12Hge-M,-5.69327
P1-aA-12Hge-H,P2-aA-12Hge-H,-5.2753
P1-aA-12Hge-H,P2-aA-12Hge-W,-5.93894
P1-aA-12Hge-W,P2-aA-12Hge-R,-6.90082
P1-aA-12Hge-W,P2-aA-12Hge-E,-7.05608
P1-aA-12Hge-W,P2-aA-12Hge-K,-6.9536
P1-aA-12Hge-W,P2-aA-12Hge-Q,-6.95264
P1-aA-12Hge-W,P2-aA-12Hge-A,-7.00807
P1-aA-12Hge-W,P2-aA-12Hge-D,-7.05072
P1-aA-12Hge-W,P2-aA-12Hge-T,-6.44108
P1-aA-12Hge-W,P2-aA-12Hge-S,-6.04695
P1-aA-12Hge-W,P2-aA-12Hge-M,-6.54825
P1-aA-12Hge-W,P2-aA-12Hge-H,-6.10258
P1-aA-12Hge-W,P2-aA-12Hge-W,-6.88522
P1-aA-12Hge-Y,P2-aA-12Hge-R,-6.71089
P1-aA-12Hge-Y,P2-aA-12Hge-E,-7.4375
P1-aA-12Hge-Y,P2-aA-12Hge-K,-6.92682
P1-aA-12Hge-Y,P2-aA-12Hge-Q,-7.0058
P1-aA-12Hge-Y,P2-aA-12Hge-A,-6.79279
P1-aA-12Hge-Y,P2-aA-12Hge-D,-7.07931
P1-aA-12Hge-Y,P2-aA-12Hge-T,-6.37805
P1-aA-12Hge-Y,P2-aA-12Hge-S,-5.98571
P1-aA-12Hge-Y,P2-aA-12Hge-M,-6.44931
P1-aA-12Hge-Y,P2-aA-12Hge-H,-6.0698
P1-aA-12Hge-Y,P2-aA-12Hge-W,-6.8687
