core_NNNN-es_EEEE,core_NNNN-es_KKKK,-8.41866
core_NNNN-es_EEEK,core_NNNN-es_KKKE,-8.5377
core_NNNN-es_EEKE,core_NNNN-es_KKEK,-8.65674
core_NNNN-es_EEKK,core_NNNN-es_KKEE,-8.5377
core_NNNN-es_EKEE,core_NNNN-es_KEKK,-8.65674
core_NNNN-es_EKEK,core_NNNN-es_KEKE,-8.77578
core_NNNN-es_EKKE,core_NNNN-es_KEEK,-8.65674
core_NNNN-es_EKKK,core_NNNN-es_KEEE,-8.5377
core_NNNN-es_KEEE,core_NNNN-es_EKKK,-8.5377
core_NNNN-es_KEEK,core_NNNN-es_EKKE,-8.65674
core_NNNN-es_KEKE,core_NNNN-es_EKEK,-8.77578
core_NNNN-es_KEKK,core_NNNN-es_EKEE,-8.65674
core_NNNN-es_KKEE,core_NNNN-es_EEKK,-8.5377
core_NNNN-es_KKEK,core_NNNN-es_EEKE,-8.65674
core_NNNN-es_KKKE,core_NNNN-es_EEEK,-8.5377
core_NNNN-es_KKKK,core_NNNN-es_EEEE,-8.41866
core_NNNI-es_EEEE,core_NNNI-es_KKKK,-8.58413
core_NNNI-es_EEEK,core_NNNI-es_KKKE,-8.7924
core_NNNI-es_EEKE,core_NNNI-es_KKEK,-8.91144
core_NNNI-es_EEKK,core_NNNI-es_KKEE,-8.70317
core_NNNI-es_EKEE,core_NNNI-es_KEKK,-8.82221
core_NNNI-es_EKEK,core_NNNI-es_KEKE,-9.03048
core_NNNI-es_EKKE,core_NNNI-es_KEEK,-8.91144
core_NNNI-es_EKKK,core_NNNI-es_KEEE,-8.70317
core_NNNI-es_KEEE,core_NNNI-es_EKKK,-8.70317
core_NNNI-es_KEEK,core_NNNI-es_EKKE,-8.91144
core_NNNI-es_KEKE,core_NNNI-es_EKEK,-9.03048
core_NNNI-es_KEKK,core_NNNI-es_EKEE,-8.82221
core_NNNI-es_KKEE,core_NNNI-es_EEKK,-8.70317
core_NNNI-es_KKEK,core_NNNI-es_EEKE,-8.91144
core_NNNI-es_KKKE,core_NNNI-es_EEEK,-8.7924
core_NNNI-es_KKKK,core_NNNI-es_EEEE,-8.58413
core_NNIN-es_EEEE,core_NNIN-es_KKKK,-8.58413
core_NNIN-es_EEEK,core_NNIN-es_KKKE,-8.70317
core_NNIN-es_EEKE,core_NNIN-es_KKEK,-8.91144
core_NNIN-es_EEKK,core_NNIN-es_KKEE,-8.7924
core_NNIN-es_EKEE,core_NNIN-es_KEKK,-8.91144
core_NNIN-es_EKEK,core_NNIN-es_KEKE,-9.03048
core_NNIN-es_EKKE,core_NNIN-es_KEEK,-8.82221
core_NNIN-es_EKKK,core_NNIN-es_KEEE,-8.70317
core_NNIN-es_KEEE,core_NNIN-es_EKKK,-8.70317
core_NNIN-es_KEEK,core_NNIN-es_EKKE,-8.82221
core_NNIN-es_KEKE,core_NNIN-es_EKEK,-9.03048
core_NNIN-es_KEKK,core_NNIN-es_EKEE,-8.91144
core_NNIN-es_KKEE,core_NNIN-es_EEKK,-8.7924
core_NNIN-es_KKEK,core_NNIN-es_EEKE,-8.91144
core_NNIN-es_KKKE,core_NNIN-es_EEEK,-8.70317
core_NNIN-es_KKKK,core_NNIN-es_EEEE,-8.58413
core_NNII-es_EEEE,core_NNII-es_KKKK,-8.7496
core_NNII-es_EEEK,core_NNII-es_KKKE,-8.95787
core_NNII-es_EEKE,core_NNII-es_KKEK,-9.16614
core_NNII-es_EEKK,core_NNII-es_KKEE,-8.95787
core_NNII-es_EKEE,core_NNII-es_KEKK,-9.07691
core_NNII-es_EKEK,core_NNII-es_KEKE,-9.28518
core_NNII-es_EKKE,core_NNII-es_KEEK,-9.07691
core_NNII-es_EKKK,core_NNII-es_KEEE,-8.86864
core_NNII-es_KEEE,core_NNII-es_EKKK,-8.86864
core_NNII-es_KEEK,core_NNII-es_EKKE,-9.07691
core_NNII-es_KEKE,core_NNII-es_EKEK,-9.28518
core_NNII-es_KEKK,core_NNII-es_EKEE,-9.07691
core_NNII-es_KKEE,core_NNII-es_EEKK,-8.95787
core_NNII-es_KKEK,core_NNII-es_EEKE,-9.16614
core_NNII-es_KKKE,core_NNII-es_EEEK,-8.95787
core_NNII-es_KKKK,core_NNII-es_EEEE,-8.7496
core_NINN-es_EEEE,core_NINN-es_KKKK,-8.58413
core_NINN-es_EEEK,core_NINN-es_KKKE,-8.70317
core_NINN-es_EEKE,core_NINN-es_KKEK,-8.82221
core_NINN-es_EEKK,core_NINN-es_KKEE,-8.70317
core_NINN-es_EKEE,core_NINN-es_KEKK,-8.91144
core_NINN-es_EKEK,core_NINN-es_KEKE,-9.03048
core_NINN-es_EKKE,core_NINN-es_KEEK,-8.91144
core_NINN-es_EKKK,core_NINN-es_KEEE,-8.7924
core_NINN-es_KEEE,core_NINN-es_EKKK,-8.7924
core_NINN-es_KEEK,core_NINN-es_EKKE,-8.91144
core_NINN-es_KEKE,core_NINN-es_EKEK,-9.03048
core_NINN-es_KEKK,core_NINN-es_EKEE,-8.91144
core_NINN-es_KKEE,core_NINN-es_EEKK,-8.70317
core_NINN-es_KKEK,core_NINN-es_EEKE,-8.82221
core_NINN-es_KKKE,core_NINN-es_EEEK,-8.70317
core_NINN-es_KKKK,core_NINN-es_EEEE,-8.58413
core_NINI-es_EEEE,core_NINI-es_KKKK,-8.7496
core_NINI-es_EEEK,core_NINI-es_KKKE,-8.95787
core_NINI-es_EEKE,core_NINI-es_KKEK,-9.07691
core_NINI-es_EEKK,core_NINI-es_KKEE,-8.86864
core_NINI-es_EKEE,core_NINI-es_KEKK,-9.07691
core_NINI-es_EKEK,core_NINI-es_KEKE,-9.28518
core_NINI-es_EKKE,core_NINI-es_KEEK,-9.16614
core_NINI-es_EKKK,core_NINI-es_KEEE,-8.95787
core_NINI-es_KEEE,core_NINI-es_EKKK,-8.95787
core_NINI-es_KEEK,core_NINI-es_EKKE,-9.16614
core_NINI-es_KEKE,core_NINI-es_EKEK,-9.28518
core_NINI-es_KEKK,core_NINI-es_EKEE,-9.07691
core_NINI-es_KKEE,core_NINI-es_EEKK,-8.86864
core_NINI-es_KKEK,core_NINI-es_EEKE,-9.07691
core_NINI-es_KKKE,core_NINI-es_EEEK,-8.95787
core_NINI-es_KKKK,core_NINI-es_EEEE,-8.7496
core_NIIN-es_EEEE,core_NIIN-es_KKKK,-8.7496
core_NIIN-es_EEEK,core_NIIN-es_KKKE,-8.86864
core_NIIN-es_EEKE,core_NIIN-es_KKEK,-9.07691
core_NIIN-es_EEKK,core_NIIN-es_KKEE,-8.95787
core_NIIN-es_EKEE,core_NIIN-es_KEKK,-9.16614
core_NIIN-es_EKEK,core_NIIN-es_KEKE,-9.28518
core_NIIN-es_EKKE,core_NIIN-es_KEEK,-9.07691
core_NIIN-es_EKKK,core_NIIN-es_KEEE,-8.95787
core_NIIN-es_KEEE,core_NIIN-es_EKKK,-8.95787
core_NIIN-es_KEEK,core_NIIN-es_EKKE,-9.07691
core_NIIN-es_KEKE,core_NIIN-es_EKEK,-9.28518
core_NIIN-es_KEKK,core_NIIN-es_EKEE,-9.16614
core_NIIN-es_KKEE,core_NIIN-es_EEKK,-8.95787
core_NIIN-es_KKEK,core_NIIN-es_EEKE,-9.07691
core_NIIN-es_KKKE,core_NIIN-es_EEEK,-8.86864
core_NIIN-es_KKKK,core_NIIN-es_EEEE,-8.7496
core_NIII-es_EEEE,core_NIII-es_KKKK,-8.91507
core_NIII-es_EEEK,core_NIII-es_KKKE,-9.12334
core_NIII-es_EEKE,core_NIII-es_KKEK,-9.33161
core_NIII-es_EEKK,core_NIII-es_KKEE,-9.12334
core_NIII-es_EKEE,core_NIII-es_KEKK,-9.33161
core_NIII-es_EKEK,core_NIII-es_KEKE,-9.53988
core_NIII-es_EKKE,core_NIII-es_KEEK,-9.33161
core_NIII-es_EKKK,core_NIII-es_KEEE,-9.12334
core_NIII-es_KEEE,core_NIII-es_EKKK,-9.12334
core_NIII-es_KEEK,core_NIII-es_EKKE,-9.33161
core_NIII-es_KEKE,core_NIII-es_EKEK,-9.53988
core_NIII-es_KEKK,core_NIII-es_EKEE,-9.33161
core_NIII-es_KKEE,core_NIII-es_EEKK,-9.12334
core_NIII-es_KKEK,core_NIII-es_EEKE,-9.33161
core_NIII-es_KKKE,core_NIII-es_EEEK,-9.12334
core_NIII-es_KKKK,core_NIII-es_EEEE,-8.91507
core_INNN-es_EEEE,core_INNN-es_KKKK,-7.81368
core_INNN-es_EEEK,core_INNN-es_KKKE,-7.93272
core_INNN-es_EEKE,core_INNN-es_KKEK,-8.05176
core_INNN-es_EEKK,core_INNN-es_KKEE,-7.93272
core_INNN-es_EKEE,core_INNN-es_KEKK,-8.05176
core_INNN-es_EKEK,core_INNN-es_KEKE,-8.1708
core_INNN-es_EKKE,core_INNN-es_KEEK,-8.05176
core_INNN-es_EKKK,core_INNN-es_KEEE,-7.93272
core_INNN-es_KEEE,core_INNN-es_EKKK,-7.93272
core_INNN-es_KEEK,core_INNN-es_EKKE,-8.05176
core_INNN-es_KEKE,core_INNN-es_EKEK,-8.1708
core_INNN-es_KEKK,core_INNN-es_EKEE,-8.05176
core_INNN-es_KKEE,core_INNN-es_EEKK,-7.93272
core_INNN-es_KKEK,core_INNN-es_EEKE,-8.05176
core_INNN-es_KKKE,core_INNN-es_EEEK,-7.93272
core_INNN-es_KKKK,core_INNN-es_EEEE,-7.81368
core_INNI-es_EEEE,core_INNI-es_KKKK,-7.97915
core_INNI-es_EEEK,core_INNI-es_KKKE,-8.18742
core_INNI-es_EEKE,core_INNI-es_KKEK,-8.30646
core_INNI-es_EEKK,core_INNI-es_KKEE,-8.09819
core_INNI-es_EKEE,core_INNI-es_KEKK,-8.21723
core_INNI-es_EKEK,core_INNI-es_KEKE,-8.4255
core_INNI-es_EKKE,core_INNI-es_KEEK,-8.30646
core_INNI-es_EKKK,core_INNI-es_KEEE,-8.09819
core_INNI-es_KEEE,core_INNI-es_EKKK,-8.09819
core_INNI-es_KEEK,core_INNI-es_EKKE,-8.30646
core_INNI-es_KEKE,core_INNI-es_EKEK,-8.4255
core_INNI-es_KEKK,core_INNI-es_EKEE,-8.21723
core_INNI-es_KKEE,core_INNI-es_EEKK,-8.09819
core_INNI-es_KKEK,core_INNI-es_EEKE,-8.30646
core_INNI-es_KKKE,core_INNI-es_EEEK,-8.18742
core_INNI-es_KKKK,core_INNI-es_EEEE,-7.97915
core_ININ-es_EEEE,core_ININ-es_KKKK,-7.97915
core_ININ-es_EEEK,core_ININ-es_KKKE,-8.09819
core_ININ-es_EEKE,core_ININ-es_KKEK,-8.30646
core_ININ-es_EEKK,core_ININ-es_KKEE,-8.18742
core_ININ-es_EKEE,core_ININ-es_KEKK,-8.30646
core_ININ-es_EKEK,core_ININ-es_KEKE,-8.4255
core_ININ-es_EKKE,core_ININ-es_KEEK,-8.21723
core_ININ-es_EKKK,core_ININ-es_KEEE,-8.09819
core_ININ-es_KEEE,core_ININ-es_EKKK,-8.09819
core_ININ-es_KEEK,core_ININ-es_EKKE,-8.21723
core_ININ-es_KEKE,core_ININ-es_EKEK,-8.4255
core_ININ-es_KEKK,core_ININ-es_EKEE,-8.30646
core_ININ-es_KKEE,core_ININ-es_EEKK,-8.18742
core_ININ-es_KKEK,core_ININ-es_EEKE,-8.30646
core_ININ-es_KKKE,core_ININ-es_EEEK,-8.09819
core_ININ-es_KKKK,core_ININ-es_EEEE,-7.97915
core_INII-es_EEEE,core_INII-es_KKKK,-8.14462
core_INII-es_EEEK,core_INII-es_KKKE,-8.35289
core_INII-es_EEKE,core_INII-es_KKEK,-8.56116
core_INII-es_EEKK,core_INII-es_KKEE,-8.35289
core_INII-es_EKEE,core_INII-es_KEKK,-8.47193
core_INII-es_EKEK,core_INII-es_KEKE,-8.6802
core_INII-es_EKKE,core_INII-es_KEEK,-8.47193
core_INII-es_EKKK,core_INII-es_KEEE,-8.26366
core_INII-es_KEEE,core_INII-es_EKKK,-8.26366
core_INII-es_KEEK,core_INII-es_EKKE,-8.47193
core_INII-es_KEKE,core_INII-es_EKEK,-8.6802
core_INII-es_KEKK,core_INII-es_EKEE,-8.47193
core_INII-es_KKEE,core_INII-es_EEKK,-8.35289
core_INII-es_KKEK,core_INII-es_EEKE,-8.56116
core_INII-es_KKKE,core_INII-es_EEEK,-8.35289
core_INII-es_KKKK,core_INII-es_EEEE,-8.14462
core_IINN-es_EEEE,core_IINN-es_KKKK,-7.97915
core_IINN-es_EEEK,core_IINN-es_KKKE,-8.09819
core_IINN-es_EEKE,core_IINN-es_KKEK,-8.21723
core_IINN-es_EEKK,core_IINN-es_KKEE,-8.09819
core_IINN-es_EKEE,core_IINN-es_KEKK,-8.30646
core_IINN-es_EKEK,core_IINN-es_KEKE,-8.4255
core_IINN-es_EKKE,core_IINN-es_KEEK,-8.30646
core_IINN-es_EKKK,core_IINN-es_KEEE,-8.18742
core_IINN-es_KEEE,core_IINN-es_EKKK,-8.18742
core_IINN-es_KEEK,core_IINN-es_EKKE,-8.30646
core_IINN-es_KEKE,core_IINN-es_EKEK,-8.4255
core_IINN-es_KEKK,core_IINN-es_EKEE,-8.30646
core_IINN-es_KKEE,core_IINN-es_EEKK,-8.09819
core_IINN-es_KKEK,core_IINN-es_EEKE,-8.21723
core_IINN-es_KKKE,core_IINN-es_EEEK,-8.09819
core_IINN-es_KKKK,core_IINN-es_EEEE,-7.97915
core_IINI-es_EEEE,core_IINI-es_KKKK,-8.14462
core_IINI-es_EEEK,core_IINI-es_KKKE,-8.35289
core_IINI-es_EEKE,core_IINI-es_KKEK,-8.47193
core_IINI-es_EEKK,core_IINI-es_KKEE,-8.26366
core_IINI-es_EKEE,core_IINI-es_KEKK,-8.47193
core_IINI-es_EKEK,core_IINI-es_KEKE,-8.6802
core_IINI-es_EKKE,core_IINI-es_KEEK,-8.56116
core_IINI-es_EKKK,core_IINI-es_KEEE,-8.35289
core_IINI-es_KEEE,core_IINI-es_EKKK,-8.35289
core_IINI-es_KEEK,core_IINI-es_EKKE,-8.56116
core_IINI-es_KEKE,core_IINI-es_EKEK,-8.6802
core_IINI-es_KEKK,core_IINI-es_EKEE,-8.47193
core_IINI-es_KKEE,core_IINI-es_EEKK,-8.26366
core_IINI-es_KKEK,core_IINI-es_EEKE,-8.47193
core_IINI-es_KKKE,core_IINI-es_EEEK,-8.35289
core_IINI-es_KKKK,core_IINI-es_EEEE,-8.14462
core_IIIN-es_EEEE,core_IIIN-es_KKKK,-8.14462
core_IIIN-es_EEEK,core_IIIN-es_KKKE,-8.26366
core_IIIN-es_EEKE,core_IIIN-es_KKEK,-8.47193
core_IIIN-es_EEKK,core_IIIN-es_KKEE,-8.35289
core_IIIN-es_EKEE,core_IIIN-es_KEKK,-8.56116
core_IIIN-es_EKEK,core_IIIN-es_KEKE,-8.6802
core_IIIN-es_EKKE,core_IIIN-es_KEEK,-8.47193
core_IIIN-es_EKKK,core_IIIN-es_KEEE,-8.35289
core_IIIN-es_KEEE,core_IIIN-es_EKKK,-8.35289
core_IIIN-es_KEEK,core_IIIN-es_EKKE,-8.47193
core_IIIN-es_KEKE,core_IIIN-es_EKEK,-8.6802
core_IIIN-es_KEKK,core_IIIN-es_EKEE,-8.56116
core_IIIN-es_KKEE,core_IIIN-es_EEKK,-8.35289
core_IIIN-es_KKEK,core_IIIN-es_EEKE,-8.47193
core_IIIN-es_KKKE,core_IIIN-es_EEEK,-8.26366
core_IIIN-es_KKKK,core_IIIN-es_EEEE,-8.14462
core_IIII-es_EEEE,core_IIII-es_KKKK,-8.31009
core_IIII-es_EEEK,core_IIII-es_KKKE,-8.51836
core_IIII-es_EEKE,core_IIII-es_KKEK,-8.72663
core_IIII-es_EEKK,core_IIII-es_KKEE,-8.51836
core_IIII-es_EKEE,core_IIII-es_KEKK,-8.72663
core_IIII-es_EKEK,core_IIII-es_KEKE,-8.9349
core_IIII-es_EKKE,core_IIII-es_KEEK,-8.72663
core_IIII-es_EKKK,core_IIII-es_KEEE,-8.51836
core_IIII-es_KEEE,core_IIII-es_EKKK,-8.51836
core_IIII-es_KEEK,core_IIII-es_EKKE,-8.72663
core_IIII-es_KEKE,core_IIII-es_EKEK,-8.9349
core_IIII-es_KEKK,core_IIII-es_EKEE,-8.72663
core_IIII-es_KKEE,core_IIII-es_EEKK,-8.51836
core_IIII-es_KKEK,core_IIII-es_EEKE,-8.72663
core_IIII-es_KKKE,core_IIII-es_EEEK,-8.51836
core_IIII-es_KKKK,core_IIII-es_EEEE,-8.31009
